<?xml version="1.0" encoding="utf-8"?>
<Tests>
	<edtdocversion branch="retail" build="50727" revision="42" />
	<TestRun type="Microsoft.VisualStudio.TestTools.Common.TestRun">
		<id type="System.Guid">3f9dc70e-b570-4498-a02d-9e1a3ddbc58f</id>
		<name type="System.String">rmpablos@RIDOPC 2006-05-12 12:44:48</name>
		<runUser type="System.String">EUROPE\rmpablos</runUser>
		<runConfig type="Microsoft.VisualStudio.TestTools.Common.TestRunConfiguration">
			<id type="Microsoft.VisualStudio.TestTools.Common.TestRunConfigurationId">
				<id type="System.Guid">2bfdc5fd-aa2a-4388-b8d6-95f4d23fb434</id>
			</id>
			<name type="System.String">Local Test Run</name>
			<description type="System.String">This is a default test run configuration for a local test run.</description>
			<isCodeCoverageEnabled type="System.Boolean">False</isCodeCoverageEnabled>
			<codeCoverageItems type="System.Collections.Generic.List`1[[Microsoft.VisualStudio.TestTools.Common.CodeCoverageItem, Microsoft.VisualStudio.QualityTools.Common, Version=8.0.0.0, Culture=neutral, PublicKeyToken=b03f5f7f11d50a3a]]">
				<_size type="System.Int32">0</_size>
				<_version type="System.Int32">0</_version>
			</codeCoverageItems>
			<codeCoverageKeyFile type="System.String" />
			<aspNetProjectCoverageItems type="System.Collections.Generic.List`1[[Microsoft.VisualStudio.TestTools.Common.AspNetProjectItem, Microsoft.VisualStudio.QualityTools.Common, Version=8.0.0.0, Culture=neutral, PublicKeyToken=b03f5f7f11d50a3a]]">
				<_size type="System.Int32">0</_size>
				<_version type="System.Int32">0</_version>
			</aspNetProjectCoverageItems>
			<isExecutedRemotely type="System.Boolean">False</isExecutedRemotely>
			<bucketSize type="System.Int32">200</bucketSize>
			<bucketThreshold type="System.Int32">1000</bucketThreshold>
			<runTimeout type="System.Int32">0</runTimeout>
			<testTimeout type="System.Int32">300000</testTimeout>
			<agentNotRespondingTimeout type="System.Int32">300000</agentNotRespondingTimeout>
			<deploymentTimeout type="System.Int32">300000</deploymentTimeout>
			<controllerName type="System.String" />
			<plugins type="System.Collections.Generic.List`1[[System.String, mscorlib, Version=2.0.0.0, Culture=neutral, PublicKeyToken=b77a5c561934e089]]">
				<_items type="System.String[]">
					<element type="System.String">Microsoft.VisualStudio.TestTools.HostAdapters.AspNetPlugin, Microsoft.VisualStudio.QualityTools.HostAdapters.ASPNETAgent, Version=8.0.0.0, PublicKeyToken=b03f5f7f11d50a3a</element>
					<element />
					<element />
					<element />
				</_items>
				<_size type="System.Int32">1</_size>
				<_version type="System.Int32">1</_version>
			</plugins>
			<testTypeSpecificData type="System.Collections.Generic.Dictionary`2[[Microsoft.VisualStudio.TestTools.Common.TestType, Microsoft.VisualStudio.QualityTools.Common, Version=8.0.0.0, Culture=neutral, PublicKeyToken=b03f5f7f11d50a3a],[Microsoft.VisualStudio.TestTools.Common.ITestTypeSpecificRunConfigurationData, Microsoft.VisualStudio.QualityTools.Common, Version=8.0.0.0, Culture=neutral, PublicKeyToken=b03f5f7f11d50a3a]]">
				<count type="System.Int32">0</count>
				<version type="System.Int32">0</version>
				<freeList type="System.Int32">0</freeList>
				<freeCount type="System.Int32">0</freeCount>
				<comparer type="System.Collections.Generic.ObjectEqualityComparer`1[[Microsoft.VisualStudio.TestTools.Common.TestType, Microsoft.VisualStudio.QualityTools.Common, Version=8.0.0.0, Culture=neutral, PublicKeyToken=b03f5f7f11d50a3a]]" />
			</testTypeSpecificData>
			<userDeploymentRoot type="System.String" />
			<useDefaultDeploymentRoot type="System.Boolean">True</useDefaultDeploymentRoot>
			<runDeploymentRoot type="System.String">D:\temp\GBPWebProxy\GBP.Web.Proxy\TestResults\rmpablos_RIDOPC 2006-05-12 12_44_48</runDeploymentRoot>
			<deploymentItems type="Microsoft.VisualStudio.TestTools.Common.DeploymentItemCollection">
				<m_container type="System.Collections.Hashtable">
					<key type="Microsoft.VisualStudio.TestTools.Common.DeploymentItem">
						<path type="System.String">D:\temp\GBPWebProxy\lib\microsoft.sharepoint.portal.dll</path>
						<outputDirectory type="System.String" />
					</key>
					<value />
					<key type="Microsoft.VisualStudio.TestTools.Common.DeploymentItem">
						<path type="System.String">D:\temp\GBPWebProxy\lib\Microsoft.SharePoint.Publishing.dll</path>
						<outputDirectory type="System.String" />
					</key>
					<value />
					<key type="Microsoft.VisualStudio.TestTools.Common.DeploymentItem">
						<path type="System.String">D:\temp\GBPWebProxy\lib\Microsoft.ContentManagement.WebAuthor.dll</path>
						<outputDirectory type="System.String" />
					</key>
					<value />
					<key type="Microsoft.VisualStudio.TestTools.Common.DeploymentItem">
						<path type="System.String">D:\temp\GBPWebProxy\GBP.Web.Proxy\bin\Debug\GBP.Web.Proxy.dll</path>
						<outputDirectory type="System.String" />
					</key>
					<value />
					<key type="Microsoft.VisualStudio.TestTools.Common.DeploymentItem">
						<path type="System.String">D:\temp\GBPWebProxy\lib\Microsoft.ContentManagement.Publishing.dll</path>
						<outputDirectory type="System.String" />
					</key>
					<value />
					<key type="Microsoft.VisualStudio.TestTools.Common.DeploymentItem">
						<path type="System.String">D:\temp\GBPWebProxy\lib\Microsoft.ContentManagement.Common.dll</path>
						<outputDirectory type="System.String" />
					</key>
					<value />
					<key type="Microsoft.VisualStudio.TestTools.Common.DeploymentItem">
						<path type="System.String">D:\temp\GBPWebProxy\lib\Microsoft.ContentManagement.Publishing.Extensions.Placeholders.dll</path>
						<outputDirectory type="System.String" />
					</key>
					<value />
					<key type="Microsoft.VisualStudio.TestTools.Common.DeploymentItem">
						<path type="System.String">D:\temp\GBPWebProxy\GBPWebProxy.Test\bin\Debug\GBPWebProxy.Test.dll</path>
						<outputDirectory type="System.String" />
					</key>
					<value />
					<key type="Microsoft.VisualStudio.TestTools.Common.DeploymentItem">
						<path type="System.String">D:\temp\GBPWebProxy\lib\Microsoft.ContentManagement.Web.dll</path>
						<outputDirectory type="System.String" />
					</key>
					<value />
					<key type="Microsoft.VisualStudio.TestTools.Common.DeploymentItem">
						<path type="System.String">D:\temp\GBPWebProxy\lib\Microsoft.SharePoint.dll</path>
						<outputDirectory type="System.String" />
					</key>
					<value />
					<key type="Microsoft.VisualStudio.TestTools.Common.DeploymentItem">
						<path type="System.String">D:\temp\GBPWebProxy\lib\Microsoft.Office.Server.dll</path>
						<outputDirectory type="System.String" />
					</key>
					<value />
					<key type="Microsoft.VisualStudio.TestTools.Common.DeploymentItem">
						<path type="System.String">D:\temp\GBPWebProxy\lib\Microsoft.ContentManagement.WebControls.dll</path>
						<outputDirectory type="System.String" />
					</key>
					<value />
				</m_container>
			</deploymentItems>
			<testRunNamingScheme type="Microsoft.VisualStudio.TestTools.Common.TestRunNamingScheme">
				<appendTimeStamp type="System.Boolean">True</appendTimeStamp>
				<useDefault type="System.Boolean">True</useDefault>
			</testRunNamingScheme>
			<setupCommand type="System.String" />
			<cleanupCommand type="System.String" />
			<abortRunOnError type="System.Boolean">False</abortRunOnError>
			<mapIPAddresses type="System.Boolean">False</mapIPAddresses>
			<agentProperties type="System.Collections.Specialized.StringDictionary, System, Version=2.0.0.0, Culture=neutral, PublicKeyToken=b77a5c561934e089" />
			<hostData type="Microsoft.VisualStudio.TestTools.Common.HostRunConfigurationData">
				<mapHostSpecificData type="System.Collections.Generic.Dictionary`2[[System.String, mscorlib, Version=2.0.0.0, Culture=neutral, PublicKeyToken=b77a5c561934e089],[Microsoft.VisualStudio.TestTools.Common.IHostSpecificRunConfigurationData, Microsoft.VisualStudio.QualityTools.Common, Version=8.0.0.0, Culture=neutral, PublicKeyToken=b03f5f7f11d50a3a]]">
					<count type="System.Int32">0</count>
					<version type="System.Int32">0</version>
					<freeList type="System.Int32">0</freeList>
					<freeCount type="System.Int32">0</freeCount>
					<comparer type="System.Collections.Generic.GenericEqualityComparer`1[[System.String, mscorlib, Version=2.0.0.0, Culture=neutral, PublicKeyToken=b77a5c561934e089]]" />
				</mapHostSpecificData>
			</hostData>
			<ignoredDependentAssemblies type="System.String" />
			<apartmentState type="System.Threading.ApartmentState">
				<value__ type="System.Int32">0</value__>
			</apartmentState>
		</runConfig>
		<result type="Microsoft.VisualStudio.TestTools.Common.RunResultAndStatistics">
			<runInfoList type="System.Collections.Generic.List`1[[Microsoft.VisualStudio.TestTools.Common.RunInfo, Microsoft.VisualStudio.QualityTools.Common, Version=8.0.0.0, Culture=neutral, PublicKeyToken=b03f5f7f11d50a3a]]">
				<_items type="Microsoft.VisualStudio.TestTools.Common.RunInfo[]">
					<element type="Microsoft.VisualStudio.TestTools.Common.RunInfo">
						<text type="System.String">Warning: Test Run deployment issue: The assembly or module 'Microsoft.SharePoint.Library' directly or indirectly referenced by test assembly 'd:\temp\gbpwebproxy\gbpwebproxy.test\bin\debug\gbpwebproxy.test.dll' was not found.</text>
						<computerInfo type="Microsoft.VisualStudio.TestTools.Common.ComputerInfo">
							<m_computerName type="System.String">RIDOPC</m_computerName>
						</computerInfo>
						<outcome type="Microsoft.VisualStudio.TestTools.Common.TestOutcome">
							<value__ type="System.Int32">9</value__>
						</outcome>
						<timestamp type="System.DateTime">
							<dateData type="System.UInt64">5244516293436294154</dateData>
						</timestamp>
					</element>
					<element type="Microsoft.VisualStudio.TestTools.Common.RunInfo">
						<text type="System.String">Warning: Test Run deployment issue: The assembly or module 'Microsoft.Web.Design.Server' directly or indirectly referenced by test assembly 'd:\temp\gbpwebproxy\gbpwebproxy.test\bin\debug\gbpwebproxy.test.dll' was not found.</text>
						<computerInfo type="Microsoft.VisualStudio.TestTools.Common.ComputerInfo">
							<m_computerName type="System.String">RIDOPC</m_computerName>
						</computerInfo>
						<outcome type="Microsoft.VisualStudio.TestTools.Common.TestOutcome">
							<value__ type="System.Int32">9</value__>
						</outcome>
						<timestamp type="System.DateTime">
							<dateData type="System.UInt64">5244516293436294154</dateData>
						</timestamp>
					</element>
					<element type="Microsoft.VisualStudio.TestTools.Common.RunInfo">
						<text type="System.String">Warning: Test Run deployment issue: The assembly or module 'System.Workflow.Runtime' directly or indirectly referenced by test assembly 'd:\temp\gbpwebproxy\gbpwebproxy.test\bin\debug\gbpwebproxy.test.dll' was not found.</text>
						<computerInfo type="Microsoft.VisualStudio.TestTools.Common.ComputerInfo">
							<m_computerName type="System.String">RIDOPC</m_computerName>
						</computerInfo>
						<outcome type="Microsoft.VisualStudio.TestTools.Common.TestOutcome">
							<value__ type="System.Int32">9</value__>
						</outcome>
						<timestamp type="System.DateTime">
							<dateData type="System.UInt64">5244516293436294154</dateData>
						</timestamp>
					</element>
					<element type="Microsoft.VisualStudio.TestTools.Common.RunInfo">
						<text type="System.String">Warning: Test Run deployment issue: The assembly or module 'Microsoft.SharePoint.AdministrationOperation' directly or indirectly referenced by test assembly 'd:\temp\gbpwebproxy\gbpwebproxy.test\bin\debug\gbpwebproxy.test.dll' was not found.</text>
						<computerInfo type="Microsoft.VisualStudio.TestTools.Common.ComputerInfo">
							<m_computerName type="System.String">RIDOPC</m_computerName>
						</computerInfo>
						<outcome type="Microsoft.VisualStudio.TestTools.Common.TestOutcome">
							<value__ type="System.Int32">9</value__>
						</outcome>
						<timestamp type="System.DateTime">
							<dateData type="System.UInt64">5244516293436294154</dateData>
						</timestamp>
					</element>
					<element type="Microsoft.VisualStudio.TestTools.Common.RunInfo">
						<text type="System.String">Warning: Test Run deployment issue: The assembly or module 'Microsoft.SharePoint.Search' directly or indirectly referenced by test assembly 'd:\temp\gbpwebproxy\gbpwebproxy.test\bin\debug\gbpwebproxy.test.dll' was not found.</text>
						<computerInfo type="Microsoft.VisualStudio.TestTools.Common.ComputerInfo">
							<m_computerName type="System.String">RIDOPC</m_computerName>
						</computerInfo>
						<outcome type="Microsoft.VisualStudio.TestTools.Common.TestOutcome">
							<value__ type="System.Int32">9</value__>
						</outcome>
						<timestamp type="System.DateTime">
							<dateData type="System.UInt64">5244516293436294154</dateData>
						</timestamp>
					</element>
					<element type="Microsoft.VisualStudio.TestTools.Common.RunInfo">
						<text type="System.String">Warning: Test Run deployment issue: The assembly or module 'Microsoft.HtmlTrans.Interface' directly or indirectly referenced by test assembly 'd:\temp\gbpwebproxy\gbpwebproxy.test\bin\debug\gbpwebproxy.test.dll' was not found.</text>
						<computerInfo type="Microsoft.VisualStudio.TestTools.Common.ComputerInfo">
							<m_computerName type="System.String">RIDOPC</m_computerName>
						</computerInfo>
						<outcome type="Microsoft.VisualStudio.TestTools.Common.TestOutcome">
							<value__ type="System.Int32">9</value__>
						</outcome>
						<timestamp type="System.DateTime">
							<dateData type="System.UInt64">5244516293436294154</dateData>
						</timestamp>
					</element>
					<element type="Microsoft.VisualStudio.TestTools.Common.RunInfo">
						<text type="System.String">Warning: Test Run deployment issue: The assembly or module 'System.Workflow.ComponentModel' directly or indirectly referenced by test assembly 'd:\temp\gbpwebproxy\gbpwebproxy.test\bin\debug\gbpwebproxy.test.dll' was not found.</text>
						<computerInfo type="Microsoft.VisualStudio.TestTools.Common.ComputerInfo">
							<m_computerName type="System.String">RIDOPC</m_computerName>
						</computerInfo>
						<outcome type="Microsoft.VisualStudio.TestTools.Common.TestOutcome">
							<value__ type="System.Int32">9</value__>
						</outcome>
						<timestamp type="System.DateTime">
							<dateData type="System.UInt64">5244516293436294154</dateData>
						</timestamp>
					</element>
					<element type="Microsoft.VisualStudio.TestTools.Common.RunInfo">
						<text type="System.String">Warning: Test Run deployment issue: The assembly or module 'Microsoft.SharePoint.Dsp' directly or indirectly referenced by test assembly 'd:\temp\gbpwebproxy\gbpwebproxy.test\bin\debug\gbpwebproxy.test.dll' was not found.</text>
						<computerInfo type="Microsoft.VisualStudio.TestTools.Common.ComputerInfo">
							<m_computerName type="System.String">RIDOPC</m_computerName>
						</computerInfo>
						<outcome type="Microsoft.VisualStudio.TestTools.Common.TestOutcome">
							<value__ type="System.Int32">9</value__>
						</outcome>
						<timestamp type="System.DateTime">
							<dateData type="System.UInt64">5244516293436294154</dateData>
						</timestamp>
					</element>
					<element type="Microsoft.VisualStudio.TestTools.Common.RunInfo">
						<text type="System.String">Warning: Test Run deployment issue: The assembly or module 'Microsoft.SharePoint.Security' directly or indirectly referenced by test assembly 'd:\temp\gbpwebproxy\gbpwebproxy.test\bin\debug\gbpwebproxy.test.dll' was not found.</text>
						<computerInfo type="Microsoft.VisualStudio.TestTools.Common.ComputerInfo">
							<m_computerName type="System.String">RIDOPC</m_computerName>
						</computerInfo>
						<outcome type="Microsoft.VisualStudio.TestTools.Common.TestOutcome">
							<value__ type="System.Int32">9</value__>
						</outcome>
						<timestamp type="System.DateTime">
							<dateData type="System.UInt64">5244516293436294154</dateData>
						</timestamp>
					</element>
					<element type="Microsoft.VisualStudio.TestTools.Common.RunInfo">
						<text type="System.String">Warning: Test Run deployment issue: The assembly or module 'Microsoft.Office.Server.Search' directly or indirectly referenced by test assembly 'd:\temp\gbpwebproxy\gbpwebproxy.test\bin\debug\gbpwebproxy.test.dll' was not found.</text>
						<computerInfo type="Microsoft.VisualStudio.TestTools.Common.ComputerInfo">
							<m_computerName type="System.String">RIDOPC</m_computerName>
						</computerInfo>
						<outcome type="Microsoft.VisualStudio.TestTools.Common.TestOutcome">
							<value__ type="System.Int32">9</value__>
						</outcome>
						<timestamp type="System.DateTime">
							<dateData type="System.UInt64">5244516293436294154</dateData>
						</timestamp>
					</element>
					<element type="Microsoft.VisualStudio.TestTools.Common.RunInfo">
						<text type="System.String">Warning: Test Run deployment issue: The assembly or module 'Microsoft.SharePoint.ApplicationPages' directly or indirectly referenced by test assembly 'd:\temp\gbpwebproxy\gbpwebproxy.test\bin\debug\gbpwebproxy.test.dll' was not found.</text>
						<computerInfo type="Microsoft.VisualStudio.TestTools.Common.ComputerInfo">
							<m_computerName type="System.String">RIDOPC</m_computerName>
						</computerInfo>
						<outcome type="Microsoft.VisualStudio.TestTools.Common.TestOutcome">
							<value__ type="System.Int32">9</value__>
						</outcome>
						<timestamp type="System.DateTime">
							<dateData type="System.UInt64">5244516293436294154</dateData>
						</timestamp>
					</element>
					<element type="Microsoft.VisualStudio.TestTools.Common.RunInfo">
						<text type="System.String">Warning: Test Run deployment issue: The assembly or module 'System' directly or indirectly referenced by test assembly 'd:\temp\gbpwebproxy\gbpwebproxy.test\bin\debug\gbpwebproxy.test.dll' was not found.</text>
						<computerInfo type="Microsoft.VisualStudio.TestTools.Common.ComputerInfo">
							<m_computerName type="System.String">RIDOPC</m_computerName>
						</computerInfo>
						<outcome type="Microsoft.VisualStudio.TestTools.Common.TestOutcome">
							<value__ type="System.Int32">9</value__>
						</outcome>
						<timestamp type="System.DateTime">
							<dateData type="System.UInt64">5244516293436294154</dateData>
						</timestamp>
					</element>
					<element type="Microsoft.VisualStudio.TestTools.Common.RunInfo">
						<text type="System.String">Warning: Test Run deployment issue: The assembly or module 'HttpTransferDeclaration' directly or indirectly referenced by test assembly 'd:\temp\gbpwebproxy\gbpwebproxy.test\bin\debug\gbpwebproxy.test.dll' was not found.</text>
						<computerInfo type="Microsoft.VisualStudio.TestTools.Common.ComputerInfo">
							<m_computerName type="System.String">RIDOPC</m_computerName>
						</computerInfo>
						<outcome type="Microsoft.VisualStudio.TestTools.Common.TestOutcome">
							<value__ type="System.Int32">9</value__>
						</outcome>
						<timestamp type="System.DateTime">
							<dateData type="System.UInt64">5244516293436294154</dateData>
						</timestamp>
					</element>
					<element type="Microsoft.VisualStudio.TestTools.Common.RunInfo">
						<text type="System.String">Warning: Test Run deployment issue: The assembly or module 'System.Web' directly or indirectly referenced by test assembly 'd:\temp\gbpwebproxy\gbpwebproxy.test\bin\debug\gbpwebproxy.test.dll' was not found.</text>
						<computerInfo type="Microsoft.VisualStudio.TestTools.Common.ComputerInfo">
							<m_computerName type="System.String">RIDOPC</m_computerName>
						</computerInfo>
						<outcome type="Microsoft.VisualStudio.TestTools.Common.TestOutcome">
							<value__ type="System.Int32">9</value__>
						</outcome>
						<timestamp type="System.DateTime">
							<dateData type="System.UInt64">5244516293436294154</dateData>
						</timestamp>
					</element>
					<element type="Microsoft.VisualStudio.TestTools.Common.RunInfo">
						<text type="System.String">Warning: Test Run deployment issue: The assembly or module 'System.Xml' directly or indirectly referenced by test assembly 'd:\temp\gbpwebproxy\gbpwebproxy.test\bin\debug\gbpwebproxy.test.dll' was not found.</text>
						<computerInfo type="Microsoft.VisualStudio.TestTools.Common.ComputerInfo">
							<m_computerName type="System.String">RIDOPC</m_computerName>
						</computerInfo>
						<outcome type="Microsoft.VisualStudio.TestTools.Common.TestOutcome">
							<value__ type="System.Int32">9</value__>
						</outcome>
						<timestamp type="System.DateTime">
							<dateData type="System.UInt64">5244516293436294154</dateData>
						</timestamp>
					</element>
					<element type="Microsoft.VisualStudio.TestTools.Common.RunInfo">
						<text type="System.String">Warning: Test Run deployment issue: The assembly or module 'Microsoft.ContentManagement.Interop.Publishing' directly or indirectly referenced by test assembly 'd:\temp\gbpwebproxy\gbpwebproxy.test\bin\debug\gbpwebproxy.test.dll' was not found.</text>
						<computerInfo type="Microsoft.VisualStudio.TestTools.Common.ComputerInfo">
							<m_computerName type="System.String">RIDOPC</m_computerName>
						</computerInfo>
						<outcome type="Microsoft.VisualStudio.TestTools.Common.TestOutcome">
							<value__ type="System.Int32">9</value__>
						</outcome>
						<timestamp type="System.DateTime">
							<dateData type="System.UInt64">5244516293436294154</dateData>
						</timestamp>
					</element>
				</_items>
				<_size type="System.Int32">16</_size>
				<_version type="System.Int32">16</_version>
			</runInfoList>
			<totalTestCount type="System.Int32">14</totalTestCount>
			<executedTestCount type="System.Int32">14</executedTestCount>
			<passedTestCount type="System.Int32">12</passedTestCount>
			<stdout type="System.String" />
			<stderr type="System.String" />
			<debugTrace type="System.String" />
			<outcome type="Microsoft.VisualStudio.TestTools.Common.TestOutcome">
				<value__ type="System.Int32">1</value__>
			</outcome>
			<counters type="System.Int32">0,2,0,0,0,0,0,0,0,0,12,0,0,0</counters>
			<isPartialRun type="System.Boolean">False</isPartialRun>
		</result>
		<creationTime type="System.DateTime">
			<dateData type="System.UInt64">5244516293317075404</dateData>
		</creationTime>
		<queueingTime type="System.DateTime">
			<dateData type="System.UInt64">5244516293439887904</dateData>
		</queueingTime>
		<startTime type="System.DateTime">
			<dateData type="System.UInt64">5244516293443012904</dateData>
		</startTime>
		<finishTime type="System.DateTime">
			<dateData type="System.UInt64">5244516293465044154</dateData>
		</finishTime>
		<tests type="System.Collections.Hashtable">
			<key type="Microsoft.VisualStudio.TestTools.Common.TestId">
				<id type="System.Guid">5733556d-e86a-4823-69b8-ddbd040c6749</id>
			</key>
			<value type="Microsoft.VisualStudio.TestTools.TestTypes.Unit.UnitTestElement, Microsoft.VisualStudio.QualityTools.Tips.UnitTest.ObjectModel, Version=8.0.0.0, Culture=neutral, PublicKeyToken=b03f5f7f11d50a3a">
				<codeBase type="System.String">D:\temp\GBPWebProxy\GBPWebProxy.Test\bin\Debug\GBPWebProxy.Test.dll</codeBase>
				<adapterTypeName type="System.String">Microsoft.VisualStudio.TestTools.TestTypes.Unit.UnitTestAdapter, Microsoft.VisualStudio.QualityTools.Tips.UnitTest.Adapter, Version=8.0.0.0, Culture=neutral, PublicKeyToken=b03f5f7f11d50a3a</adapterTypeName>
				<testMethod type="Microsoft.VisualStudio.TestTools.TestTypes.Unit.TestMethod, Microsoft.VisualStudio.QualityTools.Tips.UnitTest.ObjectModel, Version=8.0.0.0, Culture=neutral, PublicKeyToken=b03f5f7f11d50a3a">
					<className type="System.String">GBPWebProxy.Test.CampoTest, GBPWebProxy.Test</className>
					<name type="System.String">ContentTest</name>
					<expectedExceptionMessage type="System.String" />
					<isValid type="System.Boolean">False</isValid>
				</testMethod>
				<aspNetDevServers type="System.Collections.Generic.List`1[[Microsoft.VisualStudio.TestTools.Common.AspNetDevelopmentServer, Microsoft.VisualStudio.QualityTools.Common, Version=8.0.0.0, Culture=neutral, PublicKeyToken=b03f5f7f11d50a3a]]">
					<_size type="System.Int32">0</_size>
					<_version type="System.Int32">0</_version>
				</aspNetDevServers>
				<dataAccessMethod type="Microsoft.VisualStudio.TestTools.UnitTesting.DataAccessMethod, Microsoft.VisualStudio.QualityTools.UnitTestFramework, Version=8.0.0.0, Culture=neutral, PublicKeyToken=b03f5f7f11d50a3a">
					<value__ type="System.Int32">0</value__>
				</dataAccessMethod>
				<cssProjectStructure type="System.String" />
				<isRunOnRestart type="System.Boolean">False</isRunOnRestart>
				<timeOut type="System.Int32">0</timeOut>
				<isGroupable type="System.Boolean">True</isGroupable>
				<abortRunOnAgentFailure type="System.Boolean">False</abortRunOnAgentFailure>
				<cssIteration type="System.String" />
				<workItemIds type="System.Collections.Generic.List`1[[System.Int32, mscorlib, Version=2.0.0.0, Culture=neutral, PublicKeyToken=b77a5c561934e089]]">
					<_size type="System.Int32">0</_size>
					<_version type="System.Int32">1</_version>
				</workItemIds>
				<id type="Microsoft.VisualStudio.TestTools.Common.TestId">
					<id type="System.Guid">5733556d-e86a-4823-69b8-ddbd040c6749</id>
				</id>
				<name type="System.String">ContentTest</name>
				<description type="System.String" />
				<enabled type="System.Boolean">True</enabled>
				<owner type="System.String" />
				<priority type="System.Int32">0</priority>
				<executionId type="Microsoft.VisualStudio.TestTools.Common.TestExecId">
					<id type="System.Guid">00000000-0000-0000-0000-000000000000</id>
				</executionId>
				<parentExecutId type="Microsoft.VisualStudio.TestTools.Common.TestExecId">
					<id type="System.Guid">00000000-0000-0000-0000-000000000000</id>
				</parentExecutId>
				<deploymentItems type="Microsoft.VisualStudio.TestTools.Common.DeploymentItemCollection" />
				<agentAttributes type="System.Collections.Specialized.StringDictionary, System, Version=2.0.0.0, Culture=neutral, PublicKeyToken=b77a5c561934e089" />
				<storage type="System.String">d:\temp\gbpwebproxy\gbpwebproxy.test\bin\debug\gbpwebproxy.test.dll</storage>
				<projectData type="Microsoft.VisualStudio.TestTools.Common.ProjectData">
					<id type="System.Guid">d98fe8ed-b62f-4bba-8683-a47d3258192c</id>
					<projectName type="System.String">GBPWebProxy.Test</projectName>
					<solutionName type="System.String">GBPProxy</solutionName>
					<projectRelativePath type="System.String">..\GBPWebProxy.Test\GBPWebProxy.Test.csproj</projectRelativePath>
				</projectData>
				<m_nonRunnableReason type="System.String" />
			</value>
			<key type="Microsoft.VisualStudio.TestTools.Common.TestId">
				<id type="System.Guid">c6d71f3d-a6f9-9834-93a1-67751e1a6065</id>
			</key>
			<value type="Microsoft.VisualStudio.TestTools.TestTypes.Unit.UnitTestElement, Microsoft.VisualStudio.QualityTools.Tips.UnitTest.ObjectModel, Version=8.0.0.0, Culture=neutral, PublicKeyToken=b03f5f7f11d50a3a">
				<codeBase type="System.String">D:\temp\GBPWebProxy\GBPWebProxy.Test\bin\Debug\GBPWebProxy.Test.dll</codeBase>
				<adapterTypeName type="System.String">Microsoft.VisualStudio.TestTools.TestTypes.Unit.UnitTestAdapter, Microsoft.VisualStudio.QualityTools.Tips.UnitTest.Adapter, Version=8.0.0.0, Culture=neutral, PublicKeyToken=b03f5f7f11d50a3a</adapterTypeName>
				<testMethod type="Microsoft.VisualStudio.TestTools.TestTypes.Unit.TestMethod, Microsoft.VisualStudio.QualityTools.Tips.UnitTest.ObjectModel, Version=8.0.0.0, Culture=neutral, PublicKeyToken=b03f5f7f11d50a3a">
					<className type="System.String">GBPWebProxy.Test.CanalTest, GBPWebProxy.Test</className>
					<name type="System.String">TitleTest</name>
					<expectedExceptionMessage type="System.String" />
					<isValid type="System.Boolean">False</isValid>
				</testMethod>
				<aspNetDevServers type="System.Collections.Generic.List`1[[Microsoft.VisualStudio.TestTools.Common.AspNetDevelopmentServer, Microsoft.VisualStudio.QualityTools.Common, Version=8.0.0.0, Culture=neutral, PublicKeyToken=b03f5f7f11d50a3a]]">
					<_size type="System.Int32">0</_size>
					<_version type="System.Int32">0</_version>
				</aspNetDevServers>
				<dataAccessMethod type="Microsoft.VisualStudio.TestTools.UnitTesting.DataAccessMethod, Microsoft.VisualStudio.QualityTools.UnitTestFramework, Version=8.0.0.0, Culture=neutral, PublicKeyToken=b03f5f7f11d50a3a">
					<value__ type="System.Int32">0</value__>
				</dataAccessMethod>
				<cssProjectStructure type="System.String" />
				<isRunOnRestart type="System.Boolean">False</isRunOnRestart>
				<timeOut type="System.Int32">0</timeOut>
				<isGroupable type="System.Boolean">True</isGroupable>
				<abortRunOnAgentFailure type="System.Boolean">False</abortRunOnAgentFailure>
				<cssIteration type="System.String" />
				<workItemIds type="System.Collections.Generic.List`1[[System.Int32, mscorlib, Version=2.0.0.0, Culture=neutral, PublicKeyToken=b77a5c561934e089]]">
					<_size type="System.Int32">0</_size>
					<_version type="System.Int32">1</_version>
				</workItemIds>
				<id type="Microsoft.VisualStudio.TestTools.Common.TestId">
					<id type="System.Guid">c6d71f3d-a6f9-9834-93a1-67751e1a6065</id>
				</id>
				<name type="System.String">TitleTest</name>
				<description type="System.String" />
				<enabled type="System.Boolean">True</enabled>
				<owner type="System.String" />
				<priority type="System.Int32">0</priority>
				<executionId type="Microsoft.VisualStudio.TestTools.Common.TestExecId">
					<id type="System.Guid">00000000-0000-0000-0000-000000000000</id>
				</executionId>
				<parentExecutId type="Microsoft.VisualStudio.TestTools.Common.TestExecId">
					<id type="System.Guid">00000000-0000-0000-0000-000000000000</id>
				</parentExecutId>
				<deploymentItems type="Microsoft.VisualStudio.TestTools.Common.DeploymentItemCollection" />
				<agentAttributes type="System.Collections.Specialized.StringDictionary, System, Version=2.0.0.0, Culture=neutral, PublicKeyToken=b77a5c561934e089" />
				<storage type="System.String">d:\temp\gbpwebproxy\gbpwebproxy.test\bin\debug\gbpwebproxy.test.dll</storage>
				<projectData type="Microsoft.VisualStudio.TestTools.Common.ProjectData">
					<id type="System.Guid">d98fe8ed-b62f-4bba-8683-a47d3258192c</id>
					<projectName type="System.String">GBPWebProxy.Test</projectName>
					<solutionName type="System.String">GBPProxy</solutionName>
					<projectRelativePath type="System.String">..\GBPWebProxy.Test\GBPWebProxy.Test.csproj</projectRelativePath>
				</projectData>
				<m_nonRunnableReason type="System.String" />
			</value>
			<key type="Microsoft.VisualStudio.TestTools.Common.TestId">
				<id type="System.Guid">66e82988-d61c-e428-dc13-3687253c29f1</id>
			</key>
			<value type="Microsoft.VisualStudio.TestTools.TestTypes.Unit.UnitTestElement, Microsoft.VisualStudio.QualityTools.Tips.UnitTest.ObjectModel, Version=8.0.0.0, Culture=neutral, PublicKeyToken=b03f5f7f11d50a3a">
				<codeBase type="System.String">D:\temp\GBPWebProxy\GBPWebProxy.Test\bin\Debug\GBPWebProxy.Test.dll</codeBase>
				<adapterTypeName type="System.String">Microsoft.VisualStudio.TestTools.TestTypes.Unit.UnitTestAdapter, Microsoft.VisualStudio.QualityTools.Tips.UnitTest.Adapter, Version=8.0.0.0, Culture=neutral, PublicKeyToken=b03f5f7f11d50a3a</adapterTypeName>
				<testMethod type="Microsoft.VisualStudio.TestTools.TestTypes.Unit.TestMethod, Microsoft.VisualStudio.QualityTools.Tips.UnitTest.ObjectModel, Version=8.0.0.0, Culture=neutral, PublicKeyToken=b03f5f7f11d50a3a">
					<className type="System.String">GBPWebProxy.Test.CanalTest, GBPWebProxy.Test</className>
					<name type="System.String">DescriptionTest</name>
					<expectedExceptionMessage type="System.String" />
					<isValid type="System.Boolean">False</isValid>
				</testMethod>
				<aspNetDevServers type="System.Collections.Generic.List`1[[Microsoft.VisualStudio.TestTools.Common.AspNetDevelopmentServer, Microsoft.VisualStudio.QualityTools.Common, Version=8.0.0.0, Culture=neutral, PublicKeyToken=b03f5f7f11d50a3a]]">
					<_size type="System.Int32">0</_size>
					<_version type="System.Int32">0</_version>
				</aspNetDevServers>
				<dataAccessMethod type="Microsoft.VisualStudio.TestTools.UnitTesting.DataAccessMethod, Microsoft.VisualStudio.QualityTools.UnitTestFramework, Version=8.0.0.0, Culture=neutral, PublicKeyToken=b03f5f7f11d50a3a">
					<value__ type="System.Int32">0</value__>
				</dataAccessMethod>
				<cssProjectStructure type="System.String" />
				<isRunOnRestart type="System.Boolean">False</isRunOnRestart>
				<timeOut type="System.Int32">0</timeOut>
				<isGroupable type="System.Boolean">True</isGroupable>
				<abortRunOnAgentFailure type="System.Boolean">False</abortRunOnAgentFailure>
				<cssIteration type="System.String" />
				<workItemIds type="System.Collections.Generic.List`1[[System.Int32, mscorlib, Version=2.0.0.0, Culture=neutral, PublicKeyToken=b77a5c561934e089]]">
					<_size type="System.Int32">0</_size>
					<_version type="System.Int32">1</_version>
				</workItemIds>
				<id type="Microsoft.VisualStudio.TestTools.Common.TestId">
					<id type="System.Guid">66e82988-d61c-e428-dc13-3687253c29f1</id>
				</id>
				<name type="System.String">DescriptionTest</name>
				<description type="System.String" />
				<enabled type="System.Boolean">True</enabled>
				<owner type="System.String" />
				<priority type="System.Int32">0</priority>
				<executionId type="Microsoft.VisualStudio.TestTools.Common.TestExecId">
					<id type="System.Guid">00000000-0000-0000-0000-000000000000</id>
				</executionId>
				<parentExecutId type="Microsoft.VisualStudio.TestTools.Common.TestExecId">
					<id type="System.Guid">00000000-0000-0000-0000-000000000000</id>
				</parentExecutId>
				<deploymentItems type="Microsoft.VisualStudio.TestTools.Common.DeploymentItemCollection" />
				<agentAttributes type="System.Collections.Specialized.StringDictionary, System, Version=2.0.0.0, Culture=neutral, PublicKeyToken=b77a5c561934e089" />
				<storage type="System.String">d:\temp\gbpwebproxy\gbpwebproxy.test\bin\debug\gbpwebproxy.test.dll</storage>
				<projectData type="Microsoft.VisualStudio.TestTools.Common.ProjectData">
					<id type="System.Guid">d98fe8ed-b62f-4bba-8683-a47d3258192c</id>
					<projectName type="System.String">GBPWebProxy.Test</projectName>
					<solutionName type="System.String">GBPProxy</solutionName>
					<projectRelativePath type="System.String">..\GBPWebProxy.Test\GBPWebProxy.Test.csproj</projectRelativePath>
				</projectData>
				<m_nonRunnableReason type="System.String" />
			</value>
			<key type="Microsoft.VisualStudio.TestTools.Common.TestId">
				<id type="System.Guid">a13f181b-b897-ab23-403e-d1695bea2667</id>
			</key>
			<value type="Microsoft.VisualStudio.TestTools.TestTypes.Unit.UnitTestElement, Microsoft.VisualStudio.QualityTools.Tips.UnitTest.ObjectModel, Version=8.0.0.0, Culture=neutral, PublicKeyToken=b03f5f7f11d50a3a">
				<codeBase type="System.String">D:\temp\GBPWebProxy\GBPWebProxy.Test\bin\Debug\GBPWebProxy.Test.dll</codeBase>
				<adapterTypeName type="System.String">Microsoft.VisualStudio.TestTools.TestTypes.Unit.UnitTestAdapter, Microsoft.VisualStudio.QualityTools.Tips.UnitTest.Adapter, Version=8.0.0.0, Culture=neutral, PublicKeyToken=b03f5f7f11d50a3a</adapterTypeName>
				<testMethod type="Microsoft.VisualStudio.TestTools.TestTypes.Unit.TestMethod, Microsoft.VisualStudio.QualityTools.Tips.UnitTest.ObjectModel, Version=8.0.0.0, Culture=neutral, PublicKeyToken=b03f5f7f11d50a3a">
					<className type="System.String">GBPWebProxy.Test.CampoTest, GBPWebProxy.Test</className>
					<name type="System.String">TitleTest</name>
					<expectedExceptionMessage type="System.String" />
					<isValid type="System.Boolean">False</isValid>
				</testMethod>
				<aspNetDevServers type="System.Collections.Generic.List`1[[Microsoft.VisualStudio.TestTools.Common.AspNetDevelopmentServer, Microsoft.VisualStudio.QualityTools.Common, Version=8.0.0.0, Culture=neutral, PublicKeyToken=b03f5f7f11d50a3a]]">
					<_size type="System.Int32">0</_size>
					<_version type="System.Int32">0</_version>
				</aspNetDevServers>
				<dataAccessMethod type="Microsoft.VisualStudio.TestTools.UnitTesting.DataAccessMethod, Microsoft.VisualStudio.QualityTools.UnitTestFramework, Version=8.0.0.0, Culture=neutral, PublicKeyToken=b03f5f7f11d50a3a">
					<value__ type="System.Int32">0</value__>
				</dataAccessMethod>
				<cssProjectStructure type="System.String" />
				<isRunOnRestart type="System.Boolean">False</isRunOnRestart>
				<timeOut type="System.Int32">0</timeOut>
				<isGroupable type="System.Boolean">True</isGroupable>
				<abortRunOnAgentFailure type="System.Boolean">False</abortRunOnAgentFailure>
				<cssIteration type="System.String" />
				<workItemIds type="System.Collections.Generic.List`1[[System.Int32, mscorlib, Version=2.0.0.0, Culture=neutral, PublicKeyToken=b77a5c561934e089]]">
					<_size type="System.Int32">0</_size>
					<_version type="System.Int32">1</_version>
				</workItemIds>
				<id type="Microsoft.VisualStudio.TestTools.Common.TestId">
					<id type="System.Guid">a13f181b-b897-ab23-403e-d1695bea2667</id>
				</id>
				<name type="System.String">TitleTest</name>
				<description type="System.String" />
				<enabled type="System.Boolean">True</enabled>
				<owner type="System.String" />
				<priority type="System.Int32">0</priority>
				<executionId type="Microsoft.VisualStudio.TestTools.Common.TestExecId">
					<id type="System.Guid">00000000-0000-0000-0000-000000000000</id>
				</executionId>
				<parentExecutId type="Microsoft.VisualStudio.TestTools.Common.TestExecId">
					<id type="System.Guid">00000000-0000-0000-0000-000000000000</id>
				</parentExecutId>
				<deploymentItems type="Microsoft.VisualStudio.TestTools.Common.DeploymentItemCollection" />
				<agentAttributes type="System.Collections.Specialized.StringDictionary, System, Version=2.0.0.0, Culture=neutral, PublicKeyToken=b77a5c561934e089" />
				<storage type="System.String">d:\temp\gbpwebproxy\gbpwebproxy.test\bin\debug\gbpwebproxy.test.dll</storage>
				<projectData type="Microsoft.VisualStudio.TestTools.Common.ProjectData">
					<id type="System.Guid">d98fe8ed-b62f-4bba-8683-a47d3258192c</id>
					<projectName type="System.String">GBPWebProxy.Test</projectName>
					<solutionName type="System.String">GBPProxy</solutionName>
					<projectRelativePath type="System.String">..\GBPWebProxy.Test\GBPWebProxy.Test.csproj</projectRelativePath>
				</projectData>
				<m_nonRunnableReason type="System.String" />
			</value>
			<key type="Microsoft.VisualStudio.TestTools.Common.TestId">
				<id type="System.Guid">1411e443-0128-5948-eb4f-7ba79462eaf8</id>
			</key>
			<value type="Microsoft.VisualStudio.TestTools.TestTypes.Unit.UnitTestElement, Microsoft.VisualStudio.QualityTools.Tips.UnitTest.ObjectModel, Version=8.0.0.0, Culture=neutral, PublicKeyToken=b03f5f7f11d50a3a">
				<codeBase type="System.String">D:\temp\GBPWebProxy\GBPWebProxy.Test\bin\Debug\GBPWebProxy.Test.dll</codeBase>
				<adapterTypeName type="System.String">Microsoft.VisualStudio.TestTools.TestTypes.Unit.UnitTestAdapter, Microsoft.VisualStudio.QualityTools.Tips.UnitTest.Adapter, Version=8.0.0.0, Culture=neutral, PublicKeyToken=b03f5f7f11d50a3a</adapterTypeName>
				<testMethod type="Microsoft.VisualStudio.TestTools.TestTypes.Unit.TestMethod, Microsoft.VisualStudio.QualityTools.Tips.UnitTest.ObjectModel, Version=8.0.0.0, Culture=neutral, PublicKeyToken=b03f5f7f11d50a3a">
					<className type="System.String">GBPWebProxy.Test.CanalTest, GBPWebProxy.Test</className>
					<name type="System.String">GuidTest</name>
					<expectedExceptionMessage type="System.String" />
					<isValid type="System.Boolean">False</isValid>
				</testMethod>
				<aspNetDevServers type="System.Collections.Generic.List`1[[Microsoft.VisualStudio.TestTools.Common.AspNetDevelopmentServer, Microsoft.VisualStudio.QualityTools.Common, Version=8.0.0.0, Culture=neutral, PublicKeyToken=b03f5f7f11d50a3a]]">
					<_size type="System.Int32">0</_size>
					<_version type="System.Int32">0</_version>
				</aspNetDevServers>
				<dataAccessMethod type="Microsoft.VisualStudio.TestTools.UnitTesting.DataAccessMethod, Microsoft.VisualStudio.QualityTools.UnitTestFramework, Version=8.0.0.0, Culture=neutral, PublicKeyToken=b03f5f7f11d50a3a">
					<value__ type="System.Int32">0</value__>
				</dataAccessMethod>
				<cssProjectStructure type="System.String" />
				<isRunOnRestart type="System.Boolean">False</isRunOnRestart>
				<timeOut type="System.Int32">0</timeOut>
				<isGroupable type="System.Boolean">True</isGroupable>
				<abortRunOnAgentFailure type="System.Boolean">False</abortRunOnAgentFailure>
				<cssIteration type="System.String" />
				<workItemIds type="System.Collections.Generic.List`1[[System.Int32, mscorlib, Version=2.0.0.0, Culture=neutral, PublicKeyToken=b77a5c561934e089]]">
					<_size type="System.Int32">0</_size>
					<_version type="System.Int32">1</_version>
				</workItemIds>
				<id type="Microsoft.VisualStudio.TestTools.Common.TestId">
					<id type="System.Guid">1411e443-0128-5948-eb4f-7ba79462eaf8</id>
				</id>
				<name type="System.String">GuidTest</name>
				<description type="System.String" />
				<enabled type="System.Boolean">True</enabled>
				<owner type="System.String" />
				<priority type="System.Int32">0</priority>
				<executionId type="Microsoft.VisualStudio.TestTools.Common.TestExecId">
					<id type="System.Guid">00000000-0000-0000-0000-000000000000</id>
				</executionId>
				<parentExecutId type="Microsoft.VisualStudio.TestTools.Common.TestExecId">
					<id type="System.Guid">00000000-0000-0000-0000-000000000000</id>
				</parentExecutId>
				<deploymentItems type="Microsoft.VisualStudio.TestTools.Common.DeploymentItemCollection" />
				<agentAttributes type="System.Collections.Specialized.StringDictionary, System, Version=2.0.0.0, Culture=neutral, PublicKeyToken=b77a5c561934e089" />
				<storage type="System.String">d:\temp\gbpwebproxy\gbpwebproxy.test\bin\debug\gbpwebproxy.test.dll</storage>
				<projectData type="Microsoft.VisualStudio.TestTools.Common.ProjectData">
					<id type="System.Guid">d98fe8ed-b62f-4bba-8683-a47d3258192c</id>
					<projectName type="System.String">GBPWebProxy.Test</projectName>
					<solutionName type="System.String">GBPProxy</solutionName>
					<projectRelativePath type="System.String">..\GBPWebProxy.Test\GBPWebProxy.Test.csproj</projectRelativePath>
				</projectData>
				<m_nonRunnableReason type="System.String" />
			</value>
			<key type="Microsoft.VisualStudio.TestTools.Common.TestId">
				<id type="System.Guid">58ec542d-c82c-3272-c8f1-402f221a3d26</id>
			</key>
			<value type="Microsoft.VisualStudio.TestTools.TestTypes.Unit.UnitTestElement, Microsoft.VisualStudio.QualityTools.Tips.UnitTest.ObjectModel, Version=8.0.0.0, Culture=neutral, PublicKeyToken=b03f5f7f11d50a3a">
				<codeBase type="System.String">D:\temp\GBPWebProxy\GBPWebProxy.Test\bin\Debug\GBPWebProxy.Test.dll</codeBase>
				<adapterTypeName type="System.String">Microsoft.VisualStudio.TestTools.TestTypes.Unit.UnitTestAdapter, Microsoft.VisualStudio.QualityTools.Tips.UnitTest.Adapter, Version=8.0.0.0, Culture=neutral, PublicKeyToken=b03f5f7f11d50a3a</adapterTypeName>
				<testMethod type="Microsoft.VisualStudio.TestTools.TestTypes.Unit.TestMethod, Microsoft.VisualStudio.QualityTools.Tips.UnitTest.ObjectModel, Version=8.0.0.0, Culture=neutral, PublicKeyToken=b03f5f7f11d50a3a">
					<className type="System.String">GBPWebProxy.Test.CanalTest, GBPWebProxy.Test</className>
					<name type="System.String">AddPaginaTest</name>
					<expectedExceptionMessage type="System.String" />
					<isValid type="System.Boolean">False</isValid>
				</testMethod>
				<aspNetDevServers type="System.Collections.Generic.List`1[[Microsoft.VisualStudio.TestTools.Common.AspNetDevelopmentServer, Microsoft.VisualStudio.QualityTools.Common, Version=8.0.0.0, Culture=neutral, PublicKeyToken=b03f5f7f11d50a3a]]">
					<_size type="System.Int32">0</_size>
					<_version type="System.Int32">0</_version>
				</aspNetDevServers>
				<dataAccessMethod type="Microsoft.VisualStudio.TestTools.UnitTesting.DataAccessMethod, Microsoft.VisualStudio.QualityTools.UnitTestFramework, Version=8.0.0.0, Culture=neutral, PublicKeyToken=b03f5f7f11d50a3a">
					<value__ type="System.Int32">0</value__>
				</dataAccessMethod>
				<cssProjectStructure type="System.String" />
				<isRunOnRestart type="System.Boolean">False</isRunOnRestart>
				<timeOut type="System.Int32">0</timeOut>
				<isGroupable type="System.Boolean">True</isGroupable>
				<abortRunOnAgentFailure type="System.Boolean">False</abortRunOnAgentFailure>
				<cssIteration type="System.String" />
				<workItemIds type="System.Collections.Generic.List`1[[System.Int32, mscorlib, Version=2.0.0.0, Culture=neutral, PublicKeyToken=b77a5c561934e089]]">
					<_size type="System.Int32">0</_size>
					<_version type="System.Int32">1</_version>
				</workItemIds>
				<id type="Microsoft.VisualStudio.TestTools.Common.TestId">
					<id type="System.Guid">58ec542d-c82c-3272-c8f1-402f221a3d26</id>
				</id>
				<name type="System.String">AddPaginaTest</name>
				<description type="System.String" />
				<enabled type="System.Boolean">True</enabled>
				<owner type="System.String" />
				<priority type="System.Int32">0</priority>
				<executionId type="Microsoft.VisualStudio.TestTools.Common.TestExecId">
					<id type="System.Guid">00000000-0000-0000-0000-000000000000</id>
				</executionId>
				<parentExecutId type="Microsoft.VisualStudio.TestTools.Common.TestExecId">
					<id type="System.Guid">00000000-0000-0000-0000-000000000000</id>
				</parentExecutId>
				<deploymentItems type="Microsoft.VisualStudio.TestTools.Common.DeploymentItemCollection" />
				<agentAttributes type="System.Collections.Specialized.StringDictionary, System, Version=2.0.0.0, Culture=neutral, PublicKeyToken=b77a5c561934e089" />
				<storage type="System.String">d:\temp\gbpwebproxy\gbpwebproxy.test\bin\debug\gbpwebproxy.test.dll</storage>
				<projectData type="Microsoft.VisualStudio.TestTools.Common.ProjectData">
					<id type="System.Guid">d98fe8ed-b62f-4bba-8683-a47d3258192c</id>
					<projectName type="System.String">GBPWebProxy.Test</projectName>
					<solutionName type="System.String">GBPProxy</solutionName>
					<projectRelativePath type="System.String">..\GBPWebProxy.Test\GBPWebProxy.Test.csproj</projectRelativePath>
				</projectData>
				<m_nonRunnableReason type="System.String" />
			</value>
			<key type="Microsoft.VisualStudio.TestTools.Common.TestId">
				<id type="System.Guid">2021d2b8-89fe-f3c6-38be-086e65d3a8fd</id>
			</key>
			<value type="Microsoft.VisualStudio.TestTools.TestTypes.Unit.UnitTestElement, Microsoft.VisualStudio.QualityTools.Tips.UnitTest.ObjectModel, Version=8.0.0.0, Culture=neutral, PublicKeyToken=b03f5f7f11d50a3a">
				<codeBase type="System.String">D:\temp\GBPWebProxy\GBPWebProxy.Test\bin\Debug\GBPWebProxy.Test.dll</codeBase>
				<adapterTypeName type="System.String">Microsoft.VisualStudio.TestTools.TestTypes.Unit.UnitTestAdapter, Microsoft.VisualStudio.QualityTools.Tips.UnitTest.Adapter, Version=8.0.0.0, Culture=neutral, PublicKeyToken=b03f5f7f11d50a3a</adapterTypeName>
				<testMethod type="Microsoft.VisualStudio.TestTools.TestTypes.Unit.TestMethod, Microsoft.VisualStudio.QualityTools.Tips.UnitTest.ObjectModel, Version=8.0.0.0, Culture=neutral, PublicKeyToken=b03f5f7f11d50a3a">
					<className type="System.String">GBPWebProxy.Test.CanalTest, GBPWebProxy.Test</className>
					<name type="System.String">ParentTest</name>
					<expectedExceptionMessage type="System.String" />
					<isValid type="System.Boolean">False</isValid>
				</testMethod>
				<aspNetDevServers type="System.Collections.Generic.List`1[[Microsoft.VisualStudio.TestTools.Common.AspNetDevelopmentServer, Microsoft.VisualStudio.QualityTools.Common, Version=8.0.0.0, Culture=neutral, PublicKeyToken=b03f5f7f11d50a3a]]">
					<_size type="System.Int32">0</_size>
					<_version type="System.Int32">0</_version>
				</aspNetDevServers>
				<dataAccessMethod type="Microsoft.VisualStudio.TestTools.UnitTesting.DataAccessMethod, Microsoft.VisualStudio.QualityTools.UnitTestFramework, Version=8.0.0.0, Culture=neutral, PublicKeyToken=b03f5f7f11d50a3a">
					<value__ type="System.Int32">0</value__>
				</dataAccessMethod>
				<cssProjectStructure type="System.String" />
				<isRunOnRestart type="System.Boolean">False</isRunOnRestart>
				<timeOut type="System.Int32">0</timeOut>
				<isGroupable type="System.Boolean">True</isGroupable>
				<abortRunOnAgentFailure type="System.Boolean">False</abortRunOnAgentFailure>
				<cssIteration type="System.String" />
				<workItemIds type="System.Collections.Generic.List`1[[System.Int32, mscorlib, Version=2.0.0.0, Culture=neutral, PublicKeyToken=b77a5c561934e089]]">
					<_size type="System.Int32">0</_size>
					<_version type="System.Int32">1</_version>
				</workItemIds>
				<id type="Microsoft.VisualStudio.TestTools.Common.TestId">
					<id type="System.Guid">2021d2b8-89fe-f3c6-38be-086e65d3a8fd</id>
				</id>
				<name type="System.String">ParentTest</name>
				<description type="System.String" />
				<enabled type="System.Boolean">True</enabled>
				<owner type="System.String" />
				<priority type="System.Int32">0</priority>
				<executionId type="Microsoft.VisualStudio.TestTools.Common.TestExecId">
					<id type="System.Guid">00000000-0000-0000-0000-000000000000</id>
				</executionId>
				<parentExecutId type="Microsoft.VisualStudio.TestTools.Common.TestExecId">
					<id type="System.Guid">00000000-0000-0000-0000-000000000000</id>
				</parentExecutId>
				<deploymentItems type="Microsoft.VisualStudio.TestTools.Common.DeploymentItemCollection" />
				<agentAttributes type="System.Collections.Specialized.StringDictionary, System, Version=2.0.0.0, Culture=neutral, PublicKeyToken=b77a5c561934e089" />
				<storage type="System.String">d:\temp\gbpwebproxy\gbpwebproxy.test\bin\debug\gbpwebproxy.test.dll</storage>
				<projectData type="Microsoft.VisualStudio.TestTools.Common.ProjectData">
					<id type="System.Guid">d98fe8ed-b62f-4bba-8683-a47d3258192c</id>
					<projectName type="System.String">GBPWebProxy.Test</projectName>
					<solutionName type="System.String">GBPProxy</solutionName>
					<projectRelativePath type="System.String">..\GBPWebProxy.Test\GBPWebProxy.Test.csproj</projectRelativePath>
				</projectData>
				<m_nonRunnableReason type="System.String" />
			</value>
			<key type="Microsoft.VisualStudio.TestTools.Common.TestId">
				<id type="System.Guid">ba2aa964-21ab-3711-ba98-59af4987c834</id>
			</key>
			<value type="Microsoft.VisualStudio.TestTools.TestTypes.Unit.UnitTestElement, Microsoft.VisualStudio.QualityTools.Tips.UnitTest.ObjectModel, Version=8.0.0.0, Culture=neutral, PublicKeyToken=b03f5f7f11d50a3a">
				<codeBase type="System.String">D:\temp\GBPWebProxy\GBPWebProxy.Test\bin\Debug\GBPWebProxy.Test.dll</codeBase>
				<adapterTypeName type="System.String">Microsoft.VisualStudio.TestTools.TestTypes.Unit.UnitTestAdapter, Microsoft.VisualStudio.QualityTools.Tips.UnitTest.Adapter, Version=8.0.0.0, Culture=neutral, PublicKeyToken=b03f5f7f11d50a3a</adapterTypeName>
				<testMethod type="Microsoft.VisualStudio.TestTools.TestTypes.Unit.TestMethod, Microsoft.VisualStudio.QualityTools.Tips.UnitTest.ObjectModel, Version=8.0.0.0, Culture=neutral, PublicKeyToken=b03f5f7f11d50a3a">
					<className type="System.String">GBPWebProxy.Test.CampoTest, GBPWebProxy.Test</className>
					<name type="System.String">TypeTest</name>
					<expectedExceptionMessage type="System.String" />
					<isValid type="System.Boolean">False</isValid>
				</testMethod>
				<aspNetDevServers type="System.Collections.Generic.List`1[[Microsoft.VisualStudio.TestTools.Common.AspNetDevelopmentServer, Microsoft.VisualStudio.QualityTools.Common, Version=8.0.0.0, Culture=neutral, PublicKeyToken=b03f5f7f11d50a3a]]">
					<_size type="System.Int32">0</_size>
					<_version type="System.Int32">0</_version>
				</aspNetDevServers>
				<dataAccessMethod type="Microsoft.VisualStudio.TestTools.UnitTesting.DataAccessMethod, Microsoft.VisualStudio.QualityTools.UnitTestFramework, Version=8.0.0.0, Culture=neutral, PublicKeyToken=b03f5f7f11d50a3a">
					<value__ type="System.Int32">0</value__>
				</dataAccessMethod>
				<cssProjectStructure type="System.String" />
				<isRunOnRestart type="System.Boolean">False</isRunOnRestart>
				<timeOut type="System.Int32">0</timeOut>
				<isGroupable type="System.Boolean">True</isGroupable>
				<abortRunOnAgentFailure type="System.Boolean">False</abortRunOnAgentFailure>
				<cssIteration type="System.String" />
				<workItemIds type="System.Collections.Generic.List`1[[System.Int32, mscorlib, Version=2.0.0.0, Culture=neutral, PublicKeyToken=b77a5c561934e089]]">
					<_size type="System.Int32">0</_size>
					<_version type="System.Int32">1</_version>
				</workItemIds>
				<id type="Microsoft.VisualStudio.TestTools.Common.TestId">
					<id type="System.Guid">ba2aa964-21ab-3711-ba98-59af4987c834</id>
				</id>
				<name type="System.String">TypeTest</name>
				<description type="System.String" />
				<enabled type="System.Boolean">True</enabled>
				<owner type="System.String" />
				<priority type="System.Int32">0</priority>
				<executionId type="Microsoft.VisualStudio.TestTools.Common.TestExecId">
					<id type="System.Guid">00000000-0000-0000-0000-000000000000</id>
				</executionId>
				<parentExecutId type="Microsoft.VisualStudio.TestTools.Common.TestExecId">
					<id type="System.Guid">00000000-0000-0000-0000-000000000000</id>
				</parentExecutId>
				<deploymentItems type="Microsoft.VisualStudio.TestTools.Common.DeploymentItemCollection" />
				<agentAttributes type="System.Collections.Specialized.StringDictionary, System, Version=2.0.0.0, Culture=neutral, PublicKeyToken=b77a5c561934e089" />
				<storage type="System.String">d:\temp\gbpwebproxy\gbpwebproxy.test\bin\debug\gbpwebproxy.test.dll</storage>
				<projectData type="Microsoft.VisualStudio.TestTools.Common.ProjectData">
					<id type="System.Guid">d98fe8ed-b62f-4bba-8683-a47d3258192c</id>
					<projectName type="System.String">GBPWebProxy.Test</projectName>
					<solutionName type="System.String">GBPProxy</solutionName>
					<projectRelativePath type="System.String">..\GBPWebProxy.Test\GBPWebProxy.Test.csproj</projectRelativePath>
				</projectData>
				<m_nonRunnableReason type="System.String" />
			</value>
			<key type="Microsoft.VisualStudio.TestTools.Common.TestId">
				<id type="System.Guid">b4859713-be94-43f8-a9a6-8d351d7c8fd4</id>
			</key>
			<value type="Microsoft.VisualStudio.TestTools.TestTypes.Unit.UnitTestElement, Microsoft.VisualStudio.QualityTools.Tips.UnitTest.ObjectModel, Version=8.0.0.0, Culture=neutral, PublicKeyToken=b03f5f7f11d50a3a">
				<codeBase type="System.String">D:\temp\GBPWebProxy\GBPWebProxy.Test\bin\Debug\GBPWebProxy.Test.dll</codeBase>
				<adapterTypeName type="System.String">Microsoft.VisualStudio.TestTools.TestTypes.Unit.UnitTestAdapter, Microsoft.VisualStudio.QualityTools.Tips.UnitTest.Adapter, Version=8.0.0.0, Culture=neutral, PublicKeyToken=b03f5f7f11d50a3a</adapterTypeName>
				<testMethod type="Microsoft.VisualStudio.TestTools.TestTypes.Unit.TestMethod, Microsoft.VisualStudio.QualityTools.Tips.UnitTest.ObjectModel, Version=8.0.0.0, Culture=neutral, PublicKeyToken=b03f5f7f11d50a3a">
					<className type="System.String">GBPWebProxy.Test.CanalTest, GBPWebProxy.Test</className>
					<name type="System.String">CanalesTest</name>
					<expectedExceptionMessage type="System.String" />
					<isValid type="System.Boolean">False</isValid>
				</testMethod>
				<aspNetDevServers type="System.Collections.Generic.List`1[[Microsoft.VisualStudio.TestTools.Common.AspNetDevelopmentServer, Microsoft.VisualStudio.QualityTools.Common, Version=8.0.0.0, Culture=neutral, PublicKeyToken=b03f5f7f11d50a3a]]">
					<_size type="System.Int32">0</_size>
					<_version type="System.Int32">0</_version>
				</aspNetDevServers>
				<dataAccessMethod type="Microsoft.VisualStudio.TestTools.UnitTesting.DataAccessMethod, Microsoft.VisualStudio.QualityTools.UnitTestFramework, Version=8.0.0.0, Culture=neutral, PublicKeyToken=b03f5f7f11d50a3a">
					<value__ type="System.Int32">0</value__>
				</dataAccessMethod>
				<cssProjectStructure type="System.String" />
				<isRunOnRestart type="System.Boolean">False</isRunOnRestart>
				<timeOut type="System.Int32">0</timeOut>
				<isGroupable type="System.Boolean">True</isGroupable>
				<abortRunOnAgentFailure type="System.Boolean">False</abortRunOnAgentFailure>
				<cssIteration type="System.String" />
				<workItemIds type="System.Collections.Generic.List`1[[System.Int32, mscorlib, Version=2.0.0.0, Culture=neutral, PublicKeyToken=b77a5c561934e089]]">
					<_size type="System.Int32">0</_size>
					<_version type="System.Int32">1</_version>
				</workItemIds>
				<id type="Microsoft.VisualStudio.TestTools.Common.TestId">
					<id type="System.Guid">b4859713-be94-43f8-a9a6-8d351d7c8fd4</id>
				</id>
				<name type="System.String">CanalesTest</name>
				<description type="System.String" />
				<enabled type="System.Boolean">True</enabled>
				<owner type="System.String" />
				<priority type="System.Int32">0</priority>
				<executionId type="Microsoft.VisualStudio.TestTools.Common.TestExecId">
					<id type="System.Guid">00000000-0000-0000-0000-000000000000</id>
				</executionId>
				<parentExecutId type="Microsoft.VisualStudio.TestTools.Common.TestExecId">
					<id type="System.Guid">00000000-0000-0000-0000-000000000000</id>
				</parentExecutId>
				<deploymentItems type="Microsoft.VisualStudio.TestTools.Common.DeploymentItemCollection" />
				<agentAttributes type="System.Collections.Specialized.StringDictionary, System, Version=2.0.0.0, Culture=neutral, PublicKeyToken=b77a5c561934e089" />
				<storage type="System.String">d:\temp\gbpwebproxy\gbpwebproxy.test\bin\debug\gbpwebproxy.test.dll</storage>
				<projectData type="Microsoft.VisualStudio.TestTools.Common.ProjectData">
					<id type="System.Guid">d98fe8ed-b62f-4bba-8683-a47d3258192c</id>
					<projectName type="System.String">GBPWebProxy.Test</projectName>
					<solutionName type="System.String">GBPProxy</solutionName>
					<projectRelativePath type="System.String">..\GBPWebProxy.Test\GBPWebProxy.Test.csproj</projectRelativePath>
				</projectData>
				<m_nonRunnableReason type="System.String" />
			</value>
			<key type="Microsoft.VisualStudio.TestTools.Common.TestId">
				<id type="System.Guid">9057a423-b60f-bbcc-dc5b-6a90904eef19</id>
			</key>
			<value type="Microsoft.VisualStudio.TestTools.TestTypes.Unit.UnitTestElement, Microsoft.VisualStudio.QualityTools.Tips.UnitTest.ObjectModel, Version=8.0.0.0, Culture=neutral, PublicKeyToken=b03f5f7f11d50a3a">
				<codeBase type="System.String">D:\temp\GBPWebProxy\GBPWebProxy.Test\bin\Debug\GBPWebProxy.Test.dll</codeBase>
				<adapterTypeName type="System.String">Microsoft.VisualStudio.TestTools.TestTypes.Unit.UnitTestAdapter, Microsoft.VisualStudio.QualityTools.Tips.UnitTest.Adapter, Version=8.0.0.0, Culture=neutral, PublicKeyToken=b03f5f7f11d50a3a</adapterTypeName>
				<testMethod type="Microsoft.VisualStudio.TestTools.TestTypes.Unit.TestMethod, Microsoft.VisualStudio.QualityTools.Tips.UnitTest.ObjectModel, Version=8.0.0.0, Culture=neutral, PublicKeyToken=b03f5f7f11d50a3a">
					<className type="System.String">GBPWebProxy.Test.CanalTest, GBPWebProxy.Test</className>
					<name type="System.String">NameTest</name>
					<expectedExceptionMessage type="System.String" />
					<isValid type="System.Boolean">False</isValid>
				</testMethod>
				<aspNetDevServers type="System.Collections.Generic.List`1[[Microsoft.VisualStudio.TestTools.Common.AspNetDevelopmentServer, Microsoft.VisualStudio.QualityTools.Common, Version=8.0.0.0, Culture=neutral, PublicKeyToken=b03f5f7f11d50a3a]]">
					<_size type="System.Int32">0</_size>
					<_version type="System.Int32">0</_version>
				</aspNetDevServers>
				<dataAccessMethod type="Microsoft.VisualStudio.TestTools.UnitTesting.DataAccessMethod, Microsoft.VisualStudio.QualityTools.UnitTestFramework, Version=8.0.0.0, Culture=neutral, PublicKeyToken=b03f5f7f11d50a3a">
					<value__ type="System.Int32">0</value__>
				</dataAccessMethod>
				<cssProjectStructure type="System.String" />
				<isRunOnRestart type="System.Boolean">False</isRunOnRestart>
				<timeOut type="System.Int32">0</timeOut>
				<isGroupable type="System.Boolean">True</isGroupable>
				<abortRunOnAgentFailure type="System.Boolean">False</abortRunOnAgentFailure>
				<cssIteration type="System.String" />
				<workItemIds type="System.Collections.Generic.List`1[[System.Int32, mscorlib, Version=2.0.0.0, Culture=neutral, PublicKeyToken=b77a5c561934e089]]">
					<_size type="System.Int32">0</_size>
					<_version type="System.Int32">1</_version>
				</workItemIds>
				<id type="Microsoft.VisualStudio.TestTools.Common.TestId">
					<id type="System.Guid">9057a423-b60f-bbcc-dc5b-6a90904eef19</id>
				</id>
				<name type="System.String">NameTest</name>
				<description type="System.String" />
				<enabled type="System.Boolean">True</enabled>
				<owner type="System.String" />
				<priority type="System.Int32">0</priority>
				<executionId type="Microsoft.VisualStudio.TestTools.Common.TestExecId">
					<id type="System.Guid">00000000-0000-0000-0000-000000000000</id>
				</executionId>
				<parentExecutId type="Microsoft.VisualStudio.TestTools.Common.TestExecId">
					<id type="System.Guid">00000000-0000-0000-0000-000000000000</id>
				</parentExecutId>
				<deploymentItems type="Microsoft.VisualStudio.TestTools.Common.DeploymentItemCollection" />
				<agentAttributes type="System.Collections.Specialized.StringDictionary, System, Version=2.0.0.0, Culture=neutral, PublicKeyToken=b77a5c561934e089" />
				<storage type="System.String">d:\temp\gbpwebproxy\gbpwebproxy.test\bin\debug\gbpwebproxy.test.dll</storage>
				<projectData type="Microsoft.VisualStudio.TestTools.Common.ProjectData">
					<id type="System.Guid">d98fe8ed-b62f-4bba-8683-a47d3258192c</id>
					<projectName type="System.String">GBPWebProxy.Test</projectName>
					<solutionName type="System.String">GBPProxy</solutionName>
					<projectRelativePath type="System.String">..\GBPWebProxy.Test\GBPWebProxy.Test.csproj</projectRelativePath>
				</projectData>
				<m_nonRunnableReason type="System.String" />
			</value>
			<key type="Microsoft.VisualStudio.TestTools.Common.TestId">
				<id type="System.Guid">efb65c51-3a66-6b7f-6954-7318e022d575</id>
			</key>
			<value type="Microsoft.VisualStudio.TestTools.TestTypes.Unit.UnitTestElement, Microsoft.VisualStudio.QualityTools.Tips.UnitTest.ObjectModel, Version=8.0.0.0, Culture=neutral, PublicKeyToken=b03f5f7f11d50a3a">
				<codeBase type="System.String">D:\temp\GBPWebProxy\GBPWebProxy.Test\bin\Debug\GBPWebProxy.Test.dll</codeBase>
				<adapterTypeName type="System.String">Microsoft.VisualStudio.TestTools.TestTypes.Unit.UnitTestAdapter, Microsoft.VisualStudio.QualityTools.Tips.UnitTest.Adapter, Version=8.0.0.0, Culture=neutral, PublicKeyToken=b03f5f7f11d50a3a</adapterTypeName>
				<testMethod type="Microsoft.VisualStudio.TestTools.TestTypes.Unit.TestMethod, Microsoft.VisualStudio.QualityTools.Tips.UnitTest.ObjectModel, Version=8.0.0.0, Culture=neutral, PublicKeyToken=b03f5f7f11d50a3a">
					<className type="System.String">GBPWebProxy.Test.CanalTest, GBPWebProxy.Test</className>
					<name type="System.String">PaginasTest</name>
					<expectedExceptionMessage type="System.String" />
					<isValid type="System.Boolean">False</isValid>
				</testMethod>
				<aspNetDevServers type="System.Collections.Generic.List`1[[Microsoft.VisualStudio.TestTools.Common.AspNetDevelopmentServer, Microsoft.VisualStudio.QualityTools.Common, Version=8.0.0.0, Culture=neutral, PublicKeyToken=b03f5f7f11d50a3a]]">
					<_size type="System.Int32">0</_size>
					<_version type="System.Int32">0</_version>
				</aspNetDevServers>
				<dataAccessMethod type="Microsoft.VisualStudio.TestTools.UnitTesting.DataAccessMethod, Microsoft.VisualStudio.QualityTools.UnitTestFramework, Version=8.0.0.0, Culture=neutral, PublicKeyToken=b03f5f7f11d50a3a">
					<value__ type="System.Int32">0</value__>
				</dataAccessMethod>
				<cssProjectStructure type="System.String" />
				<isRunOnRestart type="System.Boolean">False</isRunOnRestart>
				<timeOut type="System.Int32">0</timeOut>
				<isGroupable type="System.Boolean">True</isGroupable>
				<abortRunOnAgentFailure type="System.Boolean">False</abortRunOnAgentFailure>
				<cssIteration type="System.String" />
				<workItemIds type="System.Collections.Generic.List`1[[System.Int32, mscorlib, Version=2.0.0.0, Culture=neutral, PublicKeyToken=b77a5c561934e089]]">
					<_size type="System.Int32">0</_size>
					<_version type="System.Int32">1</_version>
				</workItemIds>
				<id type="Microsoft.VisualStudio.TestTools.Common.TestId">
					<id type="System.Guid">efb65c51-3a66-6b7f-6954-7318e022d575</id>
				</id>
				<name type="System.String">PaginasTest</name>
				<description type="System.String" />
				<enabled type="System.Boolean">True</enabled>
				<owner type="System.String" />
				<priority type="System.Int32">0</priority>
				<executionId type="Microsoft.VisualStudio.TestTools.Common.TestExecId">
					<id type="System.Guid">00000000-0000-0000-0000-000000000000</id>
				</executionId>
				<parentExecutId type="Microsoft.VisualStudio.TestTools.Common.TestExecId">
					<id type="System.Guid">00000000-0000-0000-0000-000000000000</id>
				</parentExecutId>
				<deploymentItems type="Microsoft.VisualStudio.TestTools.Common.DeploymentItemCollection" />
				<agentAttributes type="System.Collections.Specialized.StringDictionary, System, Version=2.0.0.0, Culture=neutral, PublicKeyToken=b77a5c561934e089" />
				<storage type="System.String">d:\temp\gbpwebproxy\gbpwebproxy.test\bin\debug\gbpwebproxy.test.dll</storage>
				<projectData type="Microsoft.VisualStudio.TestTools.Common.ProjectData">
					<id type="System.Guid">d98fe8ed-b62f-4bba-8683-a47d3258192c</id>
					<projectName type="System.String">GBPWebProxy.Test</projectName>
					<solutionName type="System.String">GBPProxy</solutionName>
					<projectRelativePath type="System.String">..\GBPWebProxy.Test\GBPWebProxy.Test.csproj</projectRelativePath>
				</projectData>
				<m_nonRunnableReason type="System.String" />
			</value>
			<key type="Microsoft.VisualStudio.TestTools.Common.TestId">
				<id type="System.Guid">8db77cfe-f804-1bba-19df-1353e27744da</id>
			</key>
			<value type="Microsoft.VisualStudio.TestTools.TestTypes.Unit.UnitTestElement, Microsoft.VisualStudio.QualityTools.Tips.UnitTest.ObjectModel, Version=8.0.0.0, Culture=neutral, PublicKeyToken=b03f5f7f11d50a3a">
				<codeBase type="System.String">D:\temp\GBPWebProxy\GBPWebProxy.Test\bin\Debug\GBPWebProxy.Test.dll</codeBase>
				<adapterTypeName type="System.String">Microsoft.VisualStudio.TestTools.TestTypes.Unit.UnitTestAdapter, Microsoft.VisualStudio.QualityTools.Tips.UnitTest.Adapter, Version=8.0.0.0, Culture=neutral, PublicKeyToken=b03f5f7f11d50a3a</adapterTypeName>
				<testMethod type="Microsoft.VisualStudio.TestTools.TestTypes.Unit.TestMethod, Microsoft.VisualStudio.QualityTools.Tips.UnitTest.ObjectModel, Version=8.0.0.0, Culture=neutral, PublicKeyToken=b03f5f7f11d50a3a">
					<className type="System.String">GBPWebProxy.Test.CanalTest, GBPWebProxy.Test</className>
					<name type="System.String">AddCanalTest</name>
					<expectedExceptionMessage type="System.String" />
					<isValid type="System.Boolean">False</isValid>
				</testMethod>
				<aspNetDevServers type="System.Collections.Generic.List`1[[Microsoft.VisualStudio.TestTools.Common.AspNetDevelopmentServer, Microsoft.VisualStudio.QualityTools.Common, Version=8.0.0.0, Culture=neutral, PublicKeyToken=b03f5f7f11d50a3a]]">
					<_size type="System.Int32">0</_size>
					<_version type="System.Int32">0</_version>
				</aspNetDevServers>
				<dataAccessMethod type="Microsoft.VisualStudio.TestTools.UnitTesting.DataAccessMethod, Microsoft.VisualStudio.QualityTools.UnitTestFramework, Version=8.0.0.0, Culture=neutral, PublicKeyToken=b03f5f7f11d50a3a">
					<value__ type="System.Int32">0</value__>
				</dataAccessMethod>
				<cssProjectStructure type="System.String" />
				<isRunOnRestart type="System.Boolean">False</isRunOnRestart>
				<timeOut type="System.Int32">0</timeOut>
				<isGroupable type="System.Boolean">True</isGroupable>
				<abortRunOnAgentFailure type="System.Boolean">False</abortRunOnAgentFailure>
				<cssIteration type="System.String" />
				<workItemIds type="System.Collections.Generic.List`1[[System.Int32, mscorlib, Version=2.0.0.0, Culture=neutral, PublicKeyToken=b77a5c561934e089]]">
					<_size type="System.Int32">0</_size>
					<_version type="System.Int32">1</_version>
				</workItemIds>
				<id type="Microsoft.VisualStudio.TestTools.Common.TestId">
					<id type="System.Guid">8db77cfe-f804-1bba-19df-1353e27744da</id>
				</id>
				<name type="System.String">AddCanalTest</name>
				<description type="System.String" />
				<enabled type="System.Boolean">True</enabled>
				<owner type="System.String" />
				<priority type="System.Int32">0</priority>
				<executionId type="Microsoft.VisualStudio.TestTools.Common.TestExecId">
					<id type="System.Guid">00000000-0000-0000-0000-000000000000</id>
				</executionId>
				<parentExecutId type="Microsoft.VisualStudio.TestTools.Common.TestExecId">
					<id type="System.Guid">00000000-0000-0000-0000-000000000000</id>
				</parentExecutId>
				<deploymentItems type="Microsoft.VisualStudio.TestTools.Common.DeploymentItemCollection" />
				<agentAttributes type="System.Collections.Specialized.StringDictionary, System, Version=2.0.0.0, Culture=neutral, PublicKeyToken=b77a5c561934e089" />
				<storage type="System.String">d:\temp\gbpwebproxy\gbpwebproxy.test\bin\debug\gbpwebproxy.test.dll</storage>
				<projectData type="Microsoft.VisualStudio.TestTools.Common.ProjectData">
					<id type="System.Guid">d98fe8ed-b62f-4bba-8683-a47d3258192c</id>
					<projectName type="System.String">GBPWebProxy.Test</projectName>
					<solutionName type="System.String">GBPProxy</solutionName>
					<projectRelativePath type="System.String">..\GBPWebProxy.Test\GBPWebProxy.Test.csproj</projectRelativePath>
				</projectData>
				<m_nonRunnableReason type="System.String" />
			</value>
			<key type="Microsoft.VisualStudio.TestTools.Common.TestId">
				<id type="System.Guid">a6fc916b-41d4-98d3-e0e0-140791144c3b</id>
			</key>
			<value type="Microsoft.VisualStudio.TestTools.TestTypes.Unit.UnitTestElement, Microsoft.VisualStudio.QualityTools.Tips.UnitTest.ObjectModel, Version=8.0.0.0, Culture=neutral, PublicKeyToken=b03f5f7f11d50a3a">
				<codeBase type="System.String">D:\temp\GBPWebProxy\GBPWebProxy.Test\bin\Debug\GBPWebProxy.Test.dll</codeBase>
				<adapterTypeName type="System.String">Microsoft.VisualStudio.TestTools.TestTypes.Unit.UnitTestAdapter, Microsoft.VisualStudio.QualityTools.Tips.UnitTest.Adapter, Version=8.0.0.0, Culture=neutral, PublicKeyToken=b03f5f7f11d50a3a</adapterTypeName>
				<testMethod type="Microsoft.VisualStudio.TestTools.TestTypes.Unit.TestMethod, Microsoft.VisualStudio.QualityTools.Tips.UnitTest.ObjectModel, Version=8.0.0.0, Culture=neutral, PublicKeyToken=b03f5f7f11d50a3a">
					<className type="System.String">GBPWebProxy.Test.CanalTest, GBPWebProxy.Test</className>
					<name type="System.String">UrlTest</name>
					<expectedExceptionMessage type="System.String" />
					<isValid type="System.Boolean">False</isValid>
				</testMethod>
				<aspNetDevServers type="System.Collections.Generic.List`1[[Microsoft.VisualStudio.TestTools.Common.AspNetDevelopmentServer, Microsoft.VisualStudio.QualityTools.Common, Version=8.0.0.0, Culture=neutral, PublicKeyToken=b03f5f7f11d50a3a]]">
					<_size type="System.Int32">0</_size>
					<_version type="System.Int32">0</_version>
				</aspNetDevServers>
				<dataAccessMethod type="Microsoft.VisualStudio.TestTools.UnitTesting.DataAccessMethod, Microsoft.VisualStudio.QualityTools.UnitTestFramework, Version=8.0.0.0, Culture=neutral, PublicKeyToken=b03f5f7f11d50a3a">
					<value__ type="System.Int32">0</value__>
				</dataAccessMethod>
				<cssProjectStructure type="System.String" />
				<isRunOnRestart type="System.Boolean">False</isRunOnRestart>
				<timeOut type="System.Int32">0</timeOut>
				<isGroupable type="System.Boolean">True</isGroupable>
				<abortRunOnAgentFailure type="System.Boolean">False</abortRunOnAgentFailure>
				<cssIteration type="System.String" />
				<workItemIds type="System.Collections.Generic.List`1[[System.Int32, mscorlib, Version=2.0.0.0, Culture=neutral, PublicKeyToken=b77a5c561934e089]]">
					<_size type="System.Int32">0</_size>
					<_version type="System.Int32">1</_version>
				</workItemIds>
				<id type="Microsoft.VisualStudio.TestTools.Common.TestId">
					<id type="System.Guid">a6fc916b-41d4-98d3-e0e0-140791144c3b</id>
				</id>
				<name type="System.String">UrlTest</name>
				<description type="System.String" />
				<enabled type="System.Boolean">True</enabled>
				<owner type="System.String" />
				<priority type="System.Int32">0</priority>
				<executionId type="Microsoft.VisualStudio.TestTools.Common.TestExecId">
					<id type="System.Guid">00000000-0000-0000-0000-000000000000</id>
				</executionId>
				<parentExecutId type="Microsoft.VisualStudio.TestTools.Common.TestExecId">
					<id type="System.Guid">00000000-0000-0000-0000-000000000000</id>
				</parentExecutId>
				<deploymentItems type="Microsoft.VisualStudio.TestTools.Common.DeploymentItemCollection" />
				<agentAttributes type="System.Collections.Specialized.StringDictionary, System, Version=2.0.0.0, Culture=neutral, PublicKeyToken=b77a5c561934e089" />
				<storage type="System.String">d:\temp\gbpwebproxy\gbpwebproxy.test\bin\debug\gbpwebproxy.test.dll</storage>
				<projectData type="Microsoft.VisualStudio.TestTools.Common.ProjectData">
					<id type="System.Guid">d98fe8ed-b62f-4bba-8683-a47d3258192c</id>
					<projectName type="System.String">GBPWebProxy.Test</projectName>
					<solutionName type="System.String">GBPProxy</solutionName>
					<projectRelativePath type="System.String">..\GBPWebProxy.Test\GBPWebProxy.Test.csproj</projectRelativePath>
				</projectData>
				<m_nonRunnableReason type="System.String" />
			</value>
			<key type="Microsoft.VisualStudio.TestTools.Common.TestId">
				<id type="System.Guid">5a798dc2-7047-aeee-0b22-36affe2bcc60</id>
			</key>
			<value type="Microsoft.VisualStudio.TestTools.TestTypes.Unit.UnitTestElement, Microsoft.VisualStudio.QualityTools.Tips.UnitTest.ObjectModel, Version=8.0.0.0, Culture=neutral, PublicKeyToken=b03f5f7f11d50a3a">
				<codeBase type="System.String">D:\temp\GBPWebProxy\GBPWebProxy.Test\bin\Debug\GBPWebProxy.Test.dll</codeBase>
				<adapterTypeName type="System.String">Microsoft.VisualStudio.TestTools.TestTypes.Unit.UnitTestAdapter, Microsoft.VisualStudio.QualityTools.Tips.UnitTest.Adapter, Version=8.0.0.0, Culture=neutral, PublicKeyToken=b03f5f7f11d50a3a</adapterTypeName>
				<testMethod type="Microsoft.VisualStudio.TestTools.TestTypes.Unit.TestMethod, Microsoft.VisualStudio.QualityTools.Tips.UnitTest.ObjectModel, Version=8.0.0.0, Culture=neutral, PublicKeyToken=b03f5f7f11d50a3a">
					<className type="System.String">GBPWebProxy.Test.CampoTest, GBPWebProxy.Test</className>
					<name type="System.String">PaginaTest</name>
					<expectedExceptionMessage type="System.String" />
					<isValid type="System.Boolean">False</isValid>
				</testMethod>
				<aspNetDevServers type="System.Collections.Generic.List`1[[Microsoft.VisualStudio.TestTools.Common.AspNetDevelopmentServer, Microsoft.VisualStudio.QualityTools.Common, Version=8.0.0.0, Culture=neutral, PublicKeyToken=b03f5f7f11d50a3a]]">
					<_size type="System.Int32">0</_size>
					<_version type="System.Int32">0</_version>
				</aspNetDevServers>
				<dataAccessMethod type="Microsoft.VisualStudio.TestTools.UnitTesting.DataAccessMethod, Microsoft.VisualStudio.QualityTools.UnitTestFramework, Version=8.0.0.0, Culture=neutral, PublicKeyToken=b03f5f7f11d50a3a">
					<value__ type="System.Int32">0</value__>
				</dataAccessMethod>
				<cssProjectStructure type="System.String" />
				<isRunOnRestart type="System.Boolean">False</isRunOnRestart>
				<timeOut type="System.Int32">0</timeOut>
				<isGroupable type="System.Boolean">True</isGroupable>
				<abortRunOnAgentFailure type="System.Boolean">False</abortRunOnAgentFailure>
				<cssIteration type="System.String" />
				<workItemIds type="System.Collections.Generic.List`1[[System.Int32, mscorlib, Version=2.0.0.0, Culture=neutral, PublicKeyToken=b77a5c561934e089]]">
					<_size type="System.Int32">0</_size>
					<_version type="System.Int32">1</_version>
				</workItemIds>
				<id type="Microsoft.VisualStudio.TestTools.Common.TestId">
					<id type="System.Guid">5a798dc2-7047-aeee-0b22-36affe2bcc60</id>
				</id>
				<name type="System.String">PaginaTest</name>
				<description type="System.String" />
				<enabled type="System.Boolean">True</enabled>
				<owner type="System.String" />
				<priority type="System.Int32">0</priority>
				<executionId type="Microsoft.VisualStudio.TestTools.Common.TestExecId">
					<id type="System.Guid">00000000-0000-0000-0000-000000000000</id>
				</executionId>
				<parentExecutId type="Microsoft.VisualStudio.TestTools.Common.TestExecId">
					<id type="System.Guid">00000000-0000-0000-0000-000000000000</id>
				</parentExecutId>
				<deploymentItems type="Microsoft.VisualStudio.TestTools.Common.DeploymentItemCollection" />
				<agentAttributes type="System.Collections.Specialized.StringDictionary, System, Version=2.0.0.0, Culture=neutral, PublicKeyToken=b77a5c561934e089" />
				<storage type="System.String">d:\temp\gbpwebproxy\gbpwebproxy.test\bin\debug\gbpwebproxy.test.dll</storage>
				<projectData type="Microsoft.VisualStudio.TestTools.Common.ProjectData">
					<id type="System.Guid">d98fe8ed-b62f-4bba-8683-a47d3258192c</id>
					<projectName type="System.String">GBPWebProxy.Test</projectName>
					<solutionName type="System.String">GBPProxy</solutionName>
					<projectRelativePath type="System.String">..\GBPWebProxy.Test\GBPWebProxy.Test.csproj</projectRelativePath>
				</projectData>
				<m_nonRunnableReason type="System.String" />
			</value>
		</tests>
		<categories type="System.Collections.Hashtable">
			<key type="Microsoft.VisualStudio.TestTools.Common.TestCategoryId">
				<id type="System.Guid">8c84fa94-04c1-424b-9868-57a2d4851a1d</id>
			</key>
			<value type="Microsoft.VisualStudio.TestTools.Common.TestCategory">
				<id type="Microsoft.VisualStudio.TestTools.Common.TestCategoryId">
					<id type="System.Guid">8c84fa94-04c1-424b-9868-57a2d4851a1d</id>
				</id>
				<name type="System.String">Results Not in a List</name>
				<description type="System.String" />
				<enabled type="System.Boolean">True</enabled>
				<parentCategoryId type="Microsoft.VisualStudio.TestTools.Common.TestCategoryId">
					<id type="System.Guid">00000000-0000-0000-0000-000000000000</id>
				</parentCategoryId>
			</value>
			<key type="Microsoft.VisualStudio.TestTools.Common.TestCategoryId">
				<id type="System.Guid">19431567-8539-422a-85d7-44ee4e166bda</id>
			</key>
			<value type="Microsoft.VisualStudio.TestTools.Common.TestCategory">
				<id type="Microsoft.VisualStudio.TestTools.Common.TestCategoryId">
					<id type="System.Guid">19431567-8539-422a-85d7-44ee4e166bda</id>
				</id>
				<name type="System.String">All Loaded Results</name>
				<description type="System.String" />
				<enabled type="System.Boolean">True</enabled>
				<parentCategoryId type="Microsoft.VisualStudio.TestTools.Common.TestCategoryId">
					<id type="System.Guid">00000000-0000-0000-0000-000000000000</id>
				</parentCategoryId>
			</value>
		</categories>
		<entries type="Microsoft.VisualStudio.TestTools.Common.TestEntry[]">
			<element type="Microsoft.VisualStudio.TestTools.Common.TestEntry">
				<m_testId type="Microsoft.VisualStudio.TestTools.Common.TestId">
					<id type="System.Guid">5733556d-e86a-4823-69b8-ddbd040c6749</id>
				</m_testId>
				<m_execId type="Microsoft.VisualStudio.TestTools.Common.TestExecId">
					<id type="System.Guid">7231e1a3-ca06-4f12-a633-b50a8ebbd030</id>
				</m_execId>
				<m_parentExecId type="Microsoft.VisualStudio.TestTools.Common.TestExecId">
					<id type="System.Guid">00000000-0000-0000-0000-000000000000</id>
				</m_parentExecId>
				<m_categoryId type="Microsoft.VisualStudio.TestTools.Common.TestCategoryId">
					<id type="System.Guid">8c84fa94-04c1-424b-9868-57a2d4851a1d</id>
				</m_categoryId>
				<m_isTransparent type="System.Boolean">True</m_isTransparent>
			</element>
			<element type="Microsoft.VisualStudio.TestTools.Common.TestEntry">
				<m_testId type="Microsoft.VisualStudio.TestTools.Common.TestId">
					<id type="System.Guid">5a798dc2-7047-aeee-0b22-36affe2bcc60</id>
				</m_testId>
				<m_execId type="Microsoft.VisualStudio.TestTools.Common.TestExecId">
					<id type="System.Guid">3f8b7b8b-35e9-4c21-b928-7fef927666bb</id>
				</m_execId>
				<m_parentExecId type="Microsoft.VisualStudio.TestTools.Common.TestExecId">
					<id type="System.Guid">00000000-0000-0000-0000-000000000000</id>
				</m_parentExecId>
				<m_categoryId type="Microsoft.VisualStudio.TestTools.Common.TestCategoryId">
					<id type="System.Guid">8c84fa94-04c1-424b-9868-57a2d4851a1d</id>
				</m_categoryId>
				<m_isTransparent type="System.Boolean">True</m_isTransparent>
			</element>
			<element type="Microsoft.VisualStudio.TestTools.Common.TestEntry">
				<m_testId type="Microsoft.VisualStudio.TestTools.Common.TestId">
					<id type="System.Guid">a13f181b-b897-ab23-403e-d1695bea2667</id>
				</m_testId>
				<m_execId type="Microsoft.VisualStudio.TestTools.Common.TestExecId">
					<id type="System.Guid">5d8aea23-9470-4af4-985b-f2d936ea56af</id>
				</m_execId>
				<m_parentExecId type="Microsoft.VisualStudio.TestTools.Common.TestExecId">
					<id type="System.Guid">00000000-0000-0000-0000-000000000000</id>
				</m_parentExecId>
				<m_categoryId type="Microsoft.VisualStudio.TestTools.Common.TestCategoryId">
					<id type="System.Guid">8c84fa94-04c1-424b-9868-57a2d4851a1d</id>
				</m_categoryId>
				<m_isTransparent type="System.Boolean">True</m_isTransparent>
			</element>
			<element type="Microsoft.VisualStudio.TestTools.Common.TestEntry">
				<m_testId type="Microsoft.VisualStudio.TestTools.Common.TestId">
					<id type="System.Guid">ba2aa964-21ab-3711-ba98-59af4987c834</id>
				</m_testId>
				<m_execId type="Microsoft.VisualStudio.TestTools.Common.TestExecId">
					<id type="System.Guid">d9bf438b-2133-497b-8afd-509d1a65a1b0</id>
				</m_execId>
				<m_parentExecId type="Microsoft.VisualStudio.TestTools.Common.TestExecId">
					<id type="System.Guid">00000000-0000-0000-0000-000000000000</id>
				</m_parentExecId>
				<m_categoryId type="Microsoft.VisualStudio.TestTools.Common.TestCategoryId">
					<id type="System.Guid">8c84fa94-04c1-424b-9868-57a2d4851a1d</id>
				</m_categoryId>
				<m_isTransparent type="System.Boolean">True</m_isTransparent>
			</element>
			<element type="Microsoft.VisualStudio.TestTools.Common.TestEntry">
				<m_testId type="Microsoft.VisualStudio.TestTools.Common.TestId">
					<id type="System.Guid">8db77cfe-f804-1bba-19df-1353e27744da</id>
				</m_testId>
				<m_execId type="Microsoft.VisualStudio.TestTools.Common.TestExecId">
					<id type="System.Guid">66c66e93-7e12-4972-bd8b-9e187282d009</id>
				</m_execId>
				<m_parentExecId type="Microsoft.VisualStudio.TestTools.Common.TestExecId">
					<id type="System.Guid">00000000-0000-0000-0000-000000000000</id>
				</m_parentExecId>
				<m_categoryId type="Microsoft.VisualStudio.TestTools.Common.TestCategoryId">
					<id type="System.Guid">8c84fa94-04c1-424b-9868-57a2d4851a1d</id>
				</m_categoryId>
				<m_isTransparent type="System.Boolean">True</m_isTransparent>
			</element>
			<element type="Microsoft.VisualStudio.TestTools.Common.TestEntry">
				<m_testId type="Microsoft.VisualStudio.TestTools.Common.TestId">
					<id type="System.Guid">58ec542d-c82c-3272-c8f1-402f221a3d26</id>
				</m_testId>
				<m_execId type="Microsoft.VisualStudio.TestTools.Common.TestExecId">
					<id type="System.Guid">3908f8aa-82b1-40ea-bbb3-96b28ff4ae4f</id>
				</m_execId>
				<m_parentExecId type="Microsoft.VisualStudio.TestTools.Common.TestExecId">
					<id type="System.Guid">00000000-0000-0000-0000-000000000000</id>
				</m_parentExecId>
				<m_categoryId type="Microsoft.VisualStudio.TestTools.Common.TestCategoryId">
					<id type="System.Guid">8c84fa94-04c1-424b-9868-57a2d4851a1d</id>
				</m_categoryId>
				<m_isTransparent type="System.Boolean">True</m_isTransparent>
			</element>
			<element type="Microsoft.VisualStudio.TestTools.Common.TestEntry">
				<m_testId type="Microsoft.VisualStudio.TestTools.Common.TestId">
					<id type="System.Guid">b4859713-be94-43f8-a9a6-8d351d7c8fd4</id>
				</m_testId>
				<m_execId type="Microsoft.VisualStudio.TestTools.Common.TestExecId">
					<id type="System.Guid">a383ddae-c065-45d1-b68c-45ebb005e38c</id>
				</m_execId>
				<m_parentExecId type="Microsoft.VisualStudio.TestTools.Common.TestExecId">
					<id type="System.Guid">00000000-0000-0000-0000-000000000000</id>
				</m_parentExecId>
				<m_categoryId type="Microsoft.VisualStudio.TestTools.Common.TestCategoryId">
					<id type="System.Guid">8c84fa94-04c1-424b-9868-57a2d4851a1d</id>
				</m_categoryId>
				<m_isTransparent type="System.Boolean">True</m_isTransparent>
			</element>
			<element type="Microsoft.VisualStudio.TestTools.Common.TestEntry">
				<m_testId type="Microsoft.VisualStudio.TestTools.Common.TestId">
					<id type="System.Guid">66e82988-d61c-e428-dc13-3687253c29f1</id>
				</m_testId>
				<m_execId type="Microsoft.VisualStudio.TestTools.Common.TestExecId">
					<id type="System.Guid">0f1d9b35-5aa1-4adf-ade6-be1f4e847f9c</id>
				</m_execId>
				<m_parentExecId type="Microsoft.VisualStudio.TestTools.Common.TestExecId">
					<id type="System.Guid">00000000-0000-0000-0000-000000000000</id>
				</m_parentExecId>
				<m_categoryId type="Microsoft.VisualStudio.TestTools.Common.TestCategoryId">
					<id type="System.Guid">8c84fa94-04c1-424b-9868-57a2d4851a1d</id>
				</m_categoryId>
				<m_isTransparent type="System.Boolean">True</m_isTransparent>
			</element>
			<element type="Microsoft.VisualStudio.TestTools.Common.TestEntry">
				<m_testId type="Microsoft.VisualStudio.TestTools.Common.TestId">
					<id type="System.Guid">1411e443-0128-5948-eb4f-7ba79462eaf8</id>
				</m_testId>
				<m_execId type="Microsoft.VisualStudio.TestTools.Common.TestExecId">
					<id type="System.Guid">a60416de-3585-4816-a63a-c4971ffac6bd</id>
				</m_execId>
				<m_parentExecId type="Microsoft.VisualStudio.TestTools.Common.TestExecId">
					<id type="System.Guid">00000000-0000-0000-0000-000000000000</id>
				</m_parentExecId>
				<m_categoryId type="Microsoft.VisualStudio.TestTools.Common.TestCategoryId">
					<id type="System.Guid">8c84fa94-04c1-424b-9868-57a2d4851a1d</id>
				</m_categoryId>
				<m_isTransparent type="System.Boolean">True</m_isTransparent>
			</element>
			<element type="Microsoft.VisualStudio.TestTools.Common.TestEntry">
				<m_testId type="Microsoft.VisualStudio.TestTools.Common.TestId">
					<id type="System.Guid">9057a423-b60f-bbcc-dc5b-6a90904eef19</id>
				</m_testId>
				<m_execId type="Microsoft.VisualStudio.TestTools.Common.TestExecId">
					<id type="System.Guid">4b893deb-1a22-4fd3-ad88-44c8ada90945</id>
				</m_execId>
				<m_parentExecId type="Microsoft.VisualStudio.TestTools.Common.TestExecId">
					<id type="System.Guid">00000000-0000-0000-0000-000000000000</id>
				</m_parentExecId>
				<m_categoryId type="Microsoft.VisualStudio.TestTools.Common.TestCategoryId">
					<id type="System.Guid">8c84fa94-04c1-424b-9868-57a2d4851a1d</id>
				</m_categoryId>
				<m_isTransparent type="System.Boolean">True</m_isTransparent>
			</element>
			<element type="Microsoft.VisualStudio.TestTools.Common.TestEntry">
				<m_testId type="Microsoft.VisualStudio.TestTools.Common.TestId">
					<id type="System.Guid">efb65c51-3a66-6b7f-6954-7318e022d575</id>
				</m_testId>
				<m_execId type="Microsoft.VisualStudio.TestTools.Common.TestExecId">
					<id type="System.Guid">99888130-8a32-4adc-b52e-d18558014c50</id>
				</m_execId>
				<m_parentExecId type="Microsoft.VisualStudio.TestTools.Common.TestExecId">
					<id type="System.Guid">00000000-0000-0000-0000-000000000000</id>
				</m_parentExecId>
				<m_categoryId type="Microsoft.VisualStudio.TestTools.Common.TestCategoryId">
					<id type="System.Guid">8c84fa94-04c1-424b-9868-57a2d4851a1d</id>
				</m_categoryId>
				<m_isTransparent type="System.Boolean">True</m_isTransparent>
			</element>
			<element type="Microsoft.VisualStudio.TestTools.Common.TestEntry">
				<m_testId type="Microsoft.VisualStudio.TestTools.Common.TestId">
					<id type="System.Guid">2021d2b8-89fe-f3c6-38be-086e65d3a8fd</id>
				</m_testId>
				<m_execId type="Microsoft.VisualStudio.TestTools.Common.TestExecId">
					<id type="System.Guid">2c7560e2-c1d1-45e0-85f9-b39a897d81f4</id>
				</m_execId>
				<m_parentExecId type="Microsoft.VisualStudio.TestTools.Common.TestExecId">
					<id type="System.Guid">00000000-0000-0000-0000-000000000000</id>
				</m_parentExecId>
				<m_categoryId type="Microsoft.VisualStudio.TestTools.Common.TestCategoryId">
					<id type="System.Guid">8c84fa94-04c1-424b-9868-57a2d4851a1d</id>
				</m_categoryId>
				<m_isTransparent type="System.Boolean">True</m_isTransparent>
			</element>
			<element type="Microsoft.VisualStudio.TestTools.Common.TestEntry">
				<m_testId type="Microsoft.VisualStudio.TestTools.Common.TestId">
					<id type="System.Guid">c6d71f3d-a6f9-9834-93a1-67751e1a6065</id>
				</m_testId>
				<m_execId type="Microsoft.VisualStudio.TestTools.Common.TestExecId">
					<id type="System.Guid">728f9c9b-883c-4539-94a8-c308dff41465</id>
				</m_execId>
				<m_parentExecId type="Microsoft.VisualStudio.TestTools.Common.TestExecId">
					<id type="System.Guid">00000000-0000-0000-0000-000000000000</id>
				</m_parentExecId>
				<m_categoryId type="Microsoft.VisualStudio.TestTools.Common.TestCategoryId">
					<id type="System.Guid">8c84fa94-04c1-424b-9868-57a2d4851a1d</id>
				</m_categoryId>
				<m_isTransparent type="System.Boolean">True</m_isTransparent>
			</element>
			<element type="Microsoft.VisualStudio.TestTools.Common.TestEntry">
				<m_testId type="Microsoft.VisualStudio.TestTools.Common.TestId">
					<id type="System.Guid">a6fc916b-41d4-98d3-e0e0-140791144c3b</id>
				</m_testId>
				<m_execId type="Microsoft.VisualStudio.TestTools.Common.TestExecId">
					<id type="System.Guid">0e33f449-ad9c-480a-8289-0e155576b843</id>
				</m_execId>
				<m_parentExecId type="Microsoft.VisualStudio.TestTools.Common.TestExecId">
					<id type="System.Guid">00000000-0000-0000-0000-000000000000</id>
				</m_parentExecId>
				<m_categoryId type="Microsoft.VisualStudio.TestTools.Common.TestCategoryId">
					<id type="System.Guid">8c84fa94-04c1-424b-9868-57a2d4851a1d</id>
				</m_categoryId>
				<m_isTransparent type="System.Boolean">True</m_isTransparent>
			</element>
		</entries>
	</TestRun>
	<UnitTestResult type="Microsoft.VisualStudio.TestTools.TestTypes.Unit.UnitTestResult, Microsoft.VisualStudio.QualityTools.Tips.UnitTest.ObjectModel, Version=8.0.0.0, Culture=neutral, PublicKeyToken=b03f5f7f11d50a3a">
		<resultType type="Microsoft.VisualStudio.TestTools.TestTypes.Unit.UnitTestResultType, Microsoft.VisualStudio.QualityTools.Tips.UnitTest.ObjectModel, Version=8.0.0.0, Culture=neutral, PublicKeyToken=b03f5f7f11d50a3a">
			<value__ type="System.Int32">0</value__>
		</resultType>
		<m_hasSufficientAccess type="System.Boolean">True</m_hasSufficientAccess>
		<counters type="Microsoft.VisualStudio.TestTools.Common.TestResultCounter">
			<values type="System.Int32">0,0,0,0,0,0,0,0,0,0,0,0,0,0</values>
			<total type="System.Int32">1</total>
		</counters>
		<categoryId type="Microsoft.VisualStudio.TestTools.Common.TestCategoryId">
			<id type="System.Guid">8c84fa94-04c1-424b-9868-57a2d4851a1d</id>
		</categoryId>
		<outcome type="Microsoft.VisualStudio.TestTools.Common.TestOutcome">
			<value__ type="System.Int32">10</value__>
		</outcome>
		<traceInfo type="Microsoft.VisualStudio.TestTools.Common.TestExecutionTraceInformation">
			<trace type="System.Text.StringBuilder">
				Creating instance of class GBPWebProxy.Test.CampoTest.
				Calling Test method GBPWebProxy.Test.CampoTest.Microsoft.VisualStudio.TestTools.TestTypes.Unit.TestMethod.
			</trace>
		</traceInfo>
		<stdout type="System.String" />
		<stderr type="System.String" />
		<debugTrace type="System.String" />
		<workItemIds type="System.Collections.Generic.List`1[[System.Int32, mscorlib, Version=2.0.0.0, Culture=neutral, PublicKeyToken=b77a5c561934e089]]">
			<_size type="System.Int32">0</_size>
			<_version type="System.Int32">1</_version>
		</workItemIds>
		<id type="Microsoft.VisualStudio.TestTools.Common.TestResultId">
			<runId type="System.Guid">3f9dc70e-b570-4498-a02d-9e1a3ddbc58f</runId>
			<executionId type="Microsoft.VisualStudio.TestTools.Common.TestExecId">
				<id type="System.Guid">7231e1a3-ca06-4f12-a633-b50a8ebbd030</id>
			</executionId>
			<parentExecId type="Microsoft.VisualStudio.TestTools.Common.TestExecId">
				<id type="System.Guid">00000000-0000-0000-0000-000000000000</id>
			</parentExecId>
			<testId type="Microsoft.VisualStudio.TestTools.Common.TestId">
				<id type="System.Guid">5733556d-e86a-4823-69b8-ddbd040c6749</id>
			</testId>
		</id>
		<testName type="System.String">ContentTest</testName>
		<testType type="Microsoft.VisualStudio.TestTools.Common.TestType">
			<id type="System.Guid">13cdc9d9-ddb5-4fa4-a97d-d965ccfc6d4b</id>
		</testType>
		<messageKind type="Microsoft.VisualStudio.TestTools.Common.TestMessageKind">
			<value__ type="System.Int32">1</value__>
		</messageKind>
		<computerInfo type="Microsoft.VisualStudio.TestTools.Common.ComputerInfo">
			<m_computerName type="System.String">RIDOPC</m_computerName>
		</computerInfo>
		<duration type="System.TimeSpan">00:00:00.1282148</duration>
		<startTime type="System.DateTime">
			<dateData type="System.UInt64">632830275016875000</dateData>
		</startTime>
		<endTime type="System.DateTime">
			<dateData type="System.UInt64">632830275026562500</dateData>
		</endTime>
		<spoolMessage type="System.Boolean">True</spoolMessage>
	</UnitTestResult>
	<UnitTestResult type="Microsoft.VisualStudio.TestTools.TestTypes.Unit.UnitTestResult, Microsoft.VisualStudio.QualityTools.Tips.UnitTest.ObjectModel, Version=8.0.0.0, Culture=neutral, PublicKeyToken=b03f5f7f11d50a3a">
		<resultType type="Microsoft.VisualStudio.TestTools.TestTypes.Unit.UnitTestResultType, Microsoft.VisualStudio.QualityTools.Tips.UnitTest.ObjectModel, Version=8.0.0.0, Culture=neutral, PublicKeyToken=b03f5f7f11d50a3a">
			<value__ type="System.Int32">0</value__>
		</resultType>
		<m_hasSufficientAccess type="System.Boolean">True</m_hasSufficientAccess>
		<counters type="Microsoft.VisualStudio.TestTools.Common.TestResultCounter">
			<values type="System.Int32">0,0,0,0,0,0,0,0,0,0,0,0,0,0</values>
			<total type="System.Int32">1</total>
		</counters>
		<categoryId type="Microsoft.VisualStudio.TestTools.Common.TestCategoryId">
			<id type="System.Guid">8c84fa94-04c1-424b-9868-57a2d4851a1d</id>
		</categoryId>
		<outcome type="Microsoft.VisualStudio.TestTools.Common.TestOutcome">
			<value__ type="System.Int32">10</value__>
		</outcome>
		<traceInfo type="Microsoft.VisualStudio.TestTools.Common.TestExecutionTraceInformation">
			<trace type="System.Text.StringBuilder">
				Creating instance of class GBPWebProxy.Test.CampoTest.
				Calling Test method GBPWebProxy.Test.CampoTest.Microsoft.VisualStudio.TestTools.TestTypes.Unit.TestMethod.
			</trace>
		</traceInfo>
		<stdout type="System.String" />
		<stderr type="System.String" />
		<debugTrace type="System.String" />
		<workItemIds type="System.Collections.Generic.List`1[[System.Int32, mscorlib, Version=2.0.0.0, Culture=neutral, PublicKeyToken=b77a5c561934e089]]">
			<_size type="System.Int32">0</_size>
			<_version type="System.Int32">1</_version>
		</workItemIds>
		<id type="Microsoft.VisualStudio.TestTools.Common.TestResultId">
			<runId type="System.Guid">3f9dc70e-b570-4498-a02d-9e1a3ddbc58f</runId>
			<executionId type="Microsoft.VisualStudio.TestTools.Common.TestExecId">
				<id type="System.Guid">3f8b7b8b-35e9-4c21-b928-7fef927666bb</id>
			</executionId>
			<parentExecId type="Microsoft.VisualStudio.TestTools.Common.TestExecId">
				<id type="System.Guid">00000000-0000-0000-0000-000000000000</id>
			</parentExecId>
			<testId type="Microsoft.VisualStudio.TestTools.Common.TestId">
				<id type="System.Guid">5a798dc2-7047-aeee-0b22-36affe2bcc60</id>
			</testId>
		</id>
		<testName type="System.String">PaginaTest</testName>
		<testType type="Microsoft.VisualStudio.TestTools.Common.TestType">
			<id type="System.Guid">13cdc9d9-ddb5-4fa4-a97d-d965ccfc6d4b</id>
		</testType>
		<messageKind type="Microsoft.VisualStudio.TestTools.Common.TestMessageKind">
			<value__ type="System.Int32">1</value__>
		</messageKind>
		<computerInfo type="Microsoft.VisualStudio.TestTools.Common.ComputerInfo">
			<m_computerName type="System.String">RIDOPC</m_computerName>
		</computerInfo>
		<duration type="System.TimeSpan">00:00:00.0013035</duration>
		<startTime type="System.DateTime">
			<dateData type="System.UInt64">632830275026562500</dateData>
		</startTime>
		<endTime type="System.DateTime">
			<dateData type="System.UInt64">632830275026875000</dateData>
		</endTime>
		<spoolMessage type="System.Boolean">True</spoolMessage>
	</UnitTestResult>
	<UnitTestResult type="Microsoft.VisualStudio.TestTools.TestTypes.Unit.UnitTestResult, Microsoft.VisualStudio.QualityTools.Tips.UnitTest.ObjectModel, Version=8.0.0.0, Culture=neutral, PublicKeyToken=b03f5f7f11d50a3a">
		<resultType type="Microsoft.VisualStudio.TestTools.TestTypes.Unit.UnitTestResultType, Microsoft.VisualStudio.QualityTools.Tips.UnitTest.ObjectModel, Version=8.0.0.0, Culture=neutral, PublicKeyToken=b03f5f7f11d50a3a">
			<value__ type="System.Int32">0</value__>
		</resultType>
		<m_hasSufficientAccess type="System.Boolean">True</m_hasSufficientAccess>
		<counters type="Microsoft.VisualStudio.TestTools.Common.TestResultCounter">
			<values type="System.Int32">0,0,0,0,0,0,0,0,0,0,0,0,0,0</values>
			<total type="System.Int32">1</total>
		</counters>
		<categoryId type="Microsoft.VisualStudio.TestTools.Common.TestCategoryId">
			<id type="System.Guid">8c84fa94-04c1-424b-9868-57a2d4851a1d</id>
		</categoryId>
		<outcome type="Microsoft.VisualStudio.TestTools.Common.TestOutcome">
			<value__ type="System.Int32">10</value__>
		</outcome>
		<traceInfo type="Microsoft.VisualStudio.TestTools.Common.TestExecutionTraceInformation">
			<trace type="System.Text.StringBuilder">
				Creating instance of class GBPWebProxy.Test.CampoTest.
				Calling Test method GBPWebProxy.Test.CampoTest.Microsoft.VisualStudio.TestTools.TestTypes.Unit.TestMethod.
			</trace>
		</traceInfo>
		<stdout type="System.String" />
		<stderr type="System.String" />
		<debugTrace type="System.String" />
		<workItemIds type="System.Collections.Generic.List`1[[System.Int32, mscorlib, Version=2.0.0.0, Culture=neutral, PublicKeyToken=b77a5c561934e089]]">
			<_size type="System.Int32">0</_size>
			<_version type="System.Int32">1</_version>
		</workItemIds>
		<id type="Microsoft.VisualStudio.TestTools.Common.TestResultId">
			<runId type="System.Guid">3f9dc70e-b570-4498-a02d-9e1a3ddbc58f</runId>
			<executionId type="Microsoft.VisualStudio.TestTools.Common.TestExecId">
				<id type="System.Guid">5d8aea23-9470-4af4-985b-f2d936ea56af</id>
			</executionId>
			<parentExecId type="Microsoft.VisualStudio.TestTools.Common.TestExecId">
				<id type="System.Guid">00000000-0000-0000-0000-000000000000</id>
			</parentExecId>
			<testId type="Microsoft.VisualStudio.TestTools.Common.TestId">
				<id type="System.Guid">a13f181b-b897-ab23-403e-d1695bea2667</id>
			</testId>
		</id>
		<testName type="System.String">TitleTest</testName>
		<testType type="Microsoft.VisualStudio.TestTools.Common.TestType">
			<id type="System.Guid">13cdc9d9-ddb5-4fa4-a97d-d965ccfc6d4b</id>
		</testType>
		<messageKind type="Microsoft.VisualStudio.TestTools.Common.TestMessageKind">
			<value__ type="System.Int32">1</value__>
		</messageKind>
		<computerInfo type="Microsoft.VisualStudio.TestTools.Common.ComputerInfo">
			<m_computerName type="System.String">RIDOPC</m_computerName>
		</computerInfo>
		<duration type="System.TimeSpan">00:00:00.0007151</duration>
		<startTime type="System.DateTime">
			<dateData type="System.UInt64">632830275026875000</dateData>
		</startTime>
		<endTime type="System.DateTime">
			<dateData type="System.UInt64">632830275026875000</dateData>
		</endTime>
		<spoolMessage type="System.Boolean">True</spoolMessage>
	</UnitTestResult>
	<UnitTestResult type="Microsoft.VisualStudio.TestTools.TestTypes.Unit.UnitTestResult, Microsoft.VisualStudio.QualityTools.Tips.UnitTest.ObjectModel, Version=8.0.0.0, Culture=neutral, PublicKeyToken=b03f5f7f11d50a3a">
		<resultType type="Microsoft.VisualStudio.TestTools.TestTypes.Unit.UnitTestResultType, Microsoft.VisualStudio.QualityTools.Tips.UnitTest.ObjectModel, Version=8.0.0.0, Culture=neutral, PublicKeyToken=b03f5f7f11d50a3a">
			<value__ type="System.Int32">0</value__>
		</resultType>
		<m_hasSufficientAccess type="System.Boolean">True</m_hasSufficientAccess>
		<counters type="Microsoft.VisualStudio.TestTools.Common.TestResultCounter">
			<values type="System.Int32">0,0,0,0,0,0,0,0,0,0,0,0,0,0</values>
			<total type="System.Int32">1</total>
		</counters>
		<categoryId type="Microsoft.VisualStudio.TestTools.Common.TestCategoryId">
			<id type="System.Guid">8c84fa94-04c1-424b-9868-57a2d4851a1d</id>
		</categoryId>
		<outcome type="Microsoft.VisualStudio.TestTools.Common.TestOutcome">
			<value__ type="System.Int32">10</value__>
		</outcome>
		<traceInfo type="Microsoft.VisualStudio.TestTools.Common.TestExecutionTraceInformation">
			<trace type="System.Text.StringBuilder">
				Creating instance of class GBPWebProxy.Test.CampoTest.
				Calling Test method GBPWebProxy.Test.CampoTest.Microsoft.VisualStudio.TestTools.TestTypes.Unit.TestMethod.
			</trace>
		</traceInfo>
		<stdout type="System.String" />
		<stderr type="System.String" />
		<debugTrace type="System.String" />
		<workItemIds type="System.Collections.Generic.List`1[[System.Int32, mscorlib, Version=2.0.0.0, Culture=neutral, PublicKeyToken=b77a5c561934e089]]">
			<_size type="System.Int32">0</_size>
			<_version type="System.Int32">1</_version>
		</workItemIds>
		<id type="Microsoft.VisualStudio.TestTools.Common.TestResultId">
			<runId type="System.Guid">3f9dc70e-b570-4498-a02d-9e1a3ddbc58f</runId>
			<executionId type="Microsoft.VisualStudio.TestTools.Common.TestExecId">
				<id type="System.Guid">d9bf438b-2133-497b-8afd-509d1a65a1b0</id>
			</executionId>
			<parentExecId type="Microsoft.VisualStudio.TestTools.Common.TestExecId">
				<id type="System.Guid">00000000-0000-0000-0000-000000000000</id>
			</parentExecId>
			<testId type="Microsoft.VisualStudio.TestTools.Common.TestId">
				<id type="System.Guid">ba2aa964-21ab-3711-ba98-59af4987c834</id>
			</testId>
		</id>
		<testName type="System.String">TypeTest</testName>
		<testType type="Microsoft.VisualStudio.TestTools.Common.TestType">
			<id type="System.Guid">13cdc9d9-ddb5-4fa4-a97d-d965ccfc6d4b</id>
		</testType>
		<messageKind type="Microsoft.VisualStudio.TestTools.Common.TestMessageKind">
			<value__ type="System.Int32">1</value__>
		</messageKind>
		<computerInfo type="Microsoft.VisualStudio.TestTools.Common.ComputerInfo">
			<m_computerName type="System.String">RIDOPC</m_computerName>
		</computerInfo>
		<duration type="System.TimeSpan">00:00:00.0006970</duration>
		<startTime type="System.DateTime">
			<dateData type="System.UInt64">632830275026875000</dateData>
		</startTime>
		<endTime type="System.DateTime">
			<dateData type="System.UInt64">632830275027031250</dateData>
		</endTime>
		<spoolMessage type="System.Boolean">True</spoolMessage>
	</UnitTestResult>
	<UnitTestResult type="Microsoft.VisualStudio.TestTools.TestTypes.Unit.UnitTestResult, Microsoft.VisualStudio.QualityTools.Tips.UnitTest.ObjectModel, Version=8.0.0.0, Culture=neutral, PublicKeyToken=b03f5f7f11d50a3a">
		<resultType type="Microsoft.VisualStudio.TestTools.TestTypes.Unit.UnitTestResultType, Microsoft.VisualStudio.QualityTools.Tips.UnitTest.ObjectModel, Version=8.0.0.0, Culture=neutral, PublicKeyToken=b03f5f7f11d50a3a">
			<value__ type="System.Int32">0</value__>
		</resultType>
		<m_hasSufficientAccess type="System.Boolean">True</m_hasSufficientAccess>
		<counters type="Microsoft.VisualStudio.TestTools.Common.TestResultCounter">
			<values type="System.Int32">0,0,0,0,0,0,0,0,0,0,0,0,0,0</values>
			<total type="System.Int32">1</total>
		</counters>
		<categoryId type="Microsoft.VisualStudio.TestTools.Common.TestCategoryId">
			<id type="System.Guid">8c84fa94-04c1-424b-9868-57a2d4851a1d</id>
		</categoryId>
		<outcome type="Microsoft.VisualStudio.TestTools.Common.TestOutcome">
			<value__ type="System.Int32">10</value__>
		</outcome>
		<traceInfo type="Microsoft.VisualStudio.TestTools.Common.TestExecutionTraceInformation">
			<trace type="System.Text.StringBuilder">
				Creating instance of class GBPWebProxy.Test.CanalTest.
				Calling Test method GBPWebProxy.Test.CanalTest.Microsoft.VisualStudio.TestTools.TestTypes.Unit.TestMethod.
			</trace>
		</traceInfo>
		<stdout type="System.String" />
		<stderr type="System.String" />
		<debugTrace type="System.String" />
		<workItemIds type="System.Collections.Generic.List`1[[System.Int32, mscorlib, Version=2.0.0.0, Culture=neutral, PublicKeyToken=b77a5c561934e089]]">
			<_size type="System.Int32">0</_size>
			<_version type="System.Int32">1</_version>
		</workItemIds>
		<id type="Microsoft.VisualStudio.TestTools.Common.TestResultId">
			<runId type="System.Guid">3f9dc70e-b570-4498-a02d-9e1a3ddbc58f</runId>
			<executionId type="Microsoft.VisualStudio.TestTools.Common.TestExecId">
				<id type="System.Guid">66c66e93-7e12-4972-bd8b-9e187282d009</id>
			</executionId>
			<parentExecId type="Microsoft.VisualStudio.TestTools.Common.TestExecId">
				<id type="System.Guid">00000000-0000-0000-0000-000000000000</id>
			</parentExecId>
			<testId type="Microsoft.VisualStudio.TestTools.Common.TestId">
				<id type="System.Guid">8db77cfe-f804-1bba-19df-1353e27744da</id>
			</testId>
		</id>
		<testName type="System.String">AddCanalTest</testName>
		<testType type="Microsoft.VisualStudio.TestTools.Common.TestType">
			<id type="System.Guid">13cdc9d9-ddb5-4fa4-a97d-d965ccfc6d4b</id>
		</testType>
		<messageKind type="Microsoft.VisualStudio.TestTools.Common.TestMessageKind">
			<value__ type="System.Int32">1</value__>
		</messageKind>
		<computerInfo type="Microsoft.VisualStudio.TestTools.Common.ComputerInfo">
			<m_computerName type="System.String">RIDOPC</m_computerName>
		</computerInfo>
		<duration type="System.TimeSpan">00:00:00.0039275</duration>
		<startTime type="System.DateTime">
			<dateData type="System.UInt64">632830275027031250</dateData>
		</startTime>
		<endTime type="System.DateTime">
			<dateData type="System.UInt64">632830275027656250</dateData>
		</endTime>
		<spoolMessage type="System.Boolean">True</spoolMessage>
	</UnitTestResult>
	<UnitTestResult type="Microsoft.VisualStudio.TestTools.TestTypes.Unit.UnitTestResult, Microsoft.VisualStudio.QualityTools.Tips.UnitTest.ObjectModel, Version=8.0.0.0, Culture=neutral, PublicKeyToken=b03f5f7f11d50a3a">
		<resultType type="Microsoft.VisualStudio.TestTools.TestTypes.Unit.UnitTestResultType, Microsoft.VisualStudio.QualityTools.Tips.UnitTest.ObjectModel, Version=8.0.0.0, Culture=neutral, PublicKeyToken=b03f5f7f11d50a3a">
			<value__ type="System.Int32">0</value__>
		</resultType>
		<m_hasSufficientAccess type="System.Boolean">True</m_hasSufficientAccess>
		<counters type="Microsoft.VisualStudio.TestTools.Common.TestResultCounter">
			<values type="System.Int32">0,0,0,0,0,0,0,0,0,0,0,0,0,0</values>
			<total type="System.Int32">1</total>
		</counters>
		<categoryId type="Microsoft.VisualStudio.TestTools.Common.TestCategoryId">
			<id type="System.Guid">8c84fa94-04c1-424b-9868-57a2d4851a1d</id>
		</categoryId>
		<outcome type="Microsoft.VisualStudio.TestTools.Common.TestOutcome">
			<value__ type="System.Int32">10</value__>
		</outcome>
		<traceInfo type="Microsoft.VisualStudio.TestTools.Common.TestExecutionTraceInformation">
			<trace type="System.Text.StringBuilder">
				Creating instance of class GBPWebProxy.Test.CanalTest.
				Calling Test method GBPWebProxy.Test.CanalTest.Microsoft.VisualStudio.TestTools.TestTypes.Unit.TestMethod.
			</trace>
		</traceInfo>
		<stdout type="System.String" />
		<stderr type="System.String" />
		<debugTrace type="System.String" />
		<workItemIds type="System.Collections.Generic.List`1[[System.Int32, mscorlib, Version=2.0.0.0, Culture=neutral, PublicKeyToken=b77a5c561934e089]]">
			<_size type="System.Int32">0</_size>
			<_version type="System.Int32">1</_version>
		</workItemIds>
		<id type="Microsoft.VisualStudio.TestTools.Common.TestResultId">
			<runId type="System.Guid">3f9dc70e-b570-4498-a02d-9e1a3ddbc58f</runId>
			<executionId type="Microsoft.VisualStudio.TestTools.Common.TestExecId">
				<id type="System.Guid">3908f8aa-82b1-40ea-bbb3-96b28ff4ae4f</id>
			</executionId>
			<parentExecId type="Microsoft.VisualStudio.TestTools.Common.TestExecId">
				<id type="System.Guid">00000000-0000-0000-0000-000000000000</id>
			</parentExecId>
			<testId type="Microsoft.VisualStudio.TestTools.Common.TestId">
				<id type="System.Guid">58ec542d-c82c-3272-c8f1-402f221a3d26</id>
			</testId>
		</id>
		<testName type="System.String">AddPaginaTest</testName>
		<testType type="Microsoft.VisualStudio.TestTools.Common.TestType">
			<id type="System.Guid">13cdc9d9-ddb5-4fa4-a97d-d965ccfc6d4b</id>
		</testType>
		<messageKind type="Microsoft.VisualStudio.TestTools.Common.TestMessageKind">
			<value__ type="System.Int32">1</value__>
		</messageKind>
		<computerInfo type="Microsoft.VisualStudio.TestTools.Common.ComputerInfo">
			<m_computerName type="System.String">RIDOPC</m_computerName>
		</computerInfo>
		<duration type="System.TimeSpan">00:00:00.0010006</duration>
		<startTime type="System.DateTime">
			<dateData type="System.UInt64">632830275027656250</dateData>
		</startTime>
		<endTime type="System.DateTime">
			<dateData type="System.UInt64">632830275029062500</dateData>
		</endTime>
		<spoolMessage type="System.Boolean">True</spoolMessage>
	</UnitTestResult>
	<UnitTestResult type="Microsoft.VisualStudio.TestTools.TestTypes.Unit.UnitTestResult, Microsoft.VisualStudio.QualityTools.Tips.UnitTest.ObjectModel, Version=8.0.0.0, Culture=neutral, PublicKeyToken=b03f5f7f11d50a3a">
		<resultType type="Microsoft.VisualStudio.TestTools.TestTypes.Unit.UnitTestResultType, Microsoft.VisualStudio.QualityTools.Tips.UnitTest.ObjectModel, Version=8.0.0.0, Culture=neutral, PublicKeyToken=b03f5f7f11d50a3a">
			<value__ type="System.Int32">0</value__>
		</resultType>
		<m_hasSufficientAccess type="System.Boolean">True</m_hasSufficientAccess>
		<counters type="Microsoft.VisualStudio.TestTools.Common.TestResultCounter">
			<values type="System.Int32">0,0,0,0,0,0,0,0,0,0,0,0,0,0</values>
			<total type="System.Int32">1</total>
		</counters>
		<categoryId type="Microsoft.VisualStudio.TestTools.Common.TestCategoryId">
			<id type="System.Guid">8c84fa94-04c1-424b-9868-57a2d4851a1d</id>
		</categoryId>
		<outcome type="Microsoft.VisualStudio.TestTools.Common.TestOutcome">
			<value__ type="System.Int32">1</value__>
		</outcome>
		<errorInfo type="Microsoft.VisualStudio.TestTools.Common.TestResultErrorInfo">
			<message type="System.String">
				Test method GBPWebProxy.Test.CanalTest.CanalesTest threw exception:  System.ArgumentOutOfRangeException: Index was out of range. Must be non-negative and less than the size of the collection.
				Parameter name: index.
			</message>
			<stackTrace type="System.String">
				at System.ThrowHelper.ThrowArgumentOutOfRangeException(ExceptionArgument argument, ExceptionResource resource)
				at System.ThrowHelper.ThrowArgumentOutOfRangeException()
				at System.Collections.Generic.List`1.get_Item(Int32 index)
				at GBPWebProxy.Test.CanalTest.CanalesTest() in D:\temp\GBPWebProxy\GBPWebProxy.Test\CanalTest.cs:line 109
			</stackTrace>
		</errorInfo>
		<traceInfo type="Microsoft.VisualStudio.TestTools.Common.TestExecutionTraceInformation">
			<trace type="System.Text.StringBuilder">
				Creating instance of class GBPWebProxy.Test.CanalTest.
				Calling Test method GBPWebProxy.Test.CanalTest.Microsoft.VisualStudio.TestTools.TestTypes.Unit.TestMethod.
			</trace>
		</traceInfo>
		<stdout type="System.String" />
		<stderr type="System.String" />
		<debugTrace type="System.String" />
		<workItemIds type="System.Collections.Generic.List`1[[System.Int32, mscorlib, Version=2.0.0.0, Culture=neutral, PublicKeyToken=b77a5c561934e089]]">
			<_size type="System.Int32">0</_size>
			<_version type="System.Int32">1</_version>
		</workItemIds>
		<id type="Microsoft.VisualStudio.TestTools.Common.TestResultId">
			<runId type="System.Guid">3f9dc70e-b570-4498-a02d-9e1a3ddbc58f</runId>
			<executionId type="Microsoft.VisualStudio.TestTools.Common.TestExecId">
				<id type="System.Guid">a383ddae-c065-45d1-b68c-45ebb005e38c</id>
			</executionId>
			<parentExecId type="Microsoft.VisualStudio.TestTools.Common.TestExecId">
				<id type="System.Guid">00000000-0000-0000-0000-000000000000</id>
			</parentExecId>
			<testId type="Microsoft.VisualStudio.TestTools.Common.TestId">
				<id type="System.Guid">b4859713-be94-43f8-a9a6-8d351d7c8fd4</id>
			</testId>
		</id>
		<testName type="System.String">CanalesTest</testName>
		<testType type="Microsoft.VisualStudio.TestTools.Common.TestType">
			<id type="System.Guid">13cdc9d9-ddb5-4fa4-a97d-d965ccfc6d4b</id>
		</testType>
		<messageKind type="Microsoft.VisualStudio.TestTools.Common.TestMessageKind">
			<value__ type="System.Int32">1</value__>
		</messageKind>
		<computerInfo type="Microsoft.VisualStudio.TestTools.Common.ComputerInfo">
			<m_computerName type="System.String">RIDOPC</m_computerName>
		</computerInfo>
		<duration type="System.TimeSpan">00:00:00.1219546</duration>
		<startTime type="System.DateTime">
			<dateData type="System.UInt64">632830275029218750</dateData>
		</startTime>
		<endTime type="System.DateTime">
			<dateData type="System.UInt64">632830275030937500</dateData>
		</endTime>
		<spoolMessage type="System.Boolean">True</spoolMessage>
	</UnitTestResult>
	<UnitTestResult type="Microsoft.VisualStudio.TestTools.TestTypes.Unit.UnitTestResult, Microsoft.VisualStudio.QualityTools.Tips.UnitTest.ObjectModel, Version=8.0.0.0, Culture=neutral, PublicKeyToken=b03f5f7f11d50a3a">
		<resultType type="Microsoft.VisualStudio.TestTools.TestTypes.Unit.UnitTestResultType, Microsoft.VisualStudio.QualityTools.Tips.UnitTest.ObjectModel, Version=8.0.0.0, Culture=neutral, PublicKeyToken=b03f5f7f11d50a3a">
			<value__ type="System.Int32">0</value__>
		</resultType>
		<m_hasSufficientAccess type="System.Boolean">True</m_hasSufficientAccess>
		<counters type="Microsoft.VisualStudio.TestTools.Common.TestResultCounter">
			<values type="System.Int32">0,0,0,0,0,0,0,0,0,0,0,0,0,0</values>
			<total type="System.Int32">1</total>
		</counters>
		<categoryId type="Microsoft.VisualStudio.TestTools.Common.TestCategoryId">
			<id type="System.Guid">8c84fa94-04c1-424b-9868-57a2d4851a1d</id>
		</categoryId>
		<outcome type="Microsoft.VisualStudio.TestTools.Common.TestOutcome">
			<value__ type="System.Int32">10</value__>
		</outcome>
		<traceInfo type="Microsoft.VisualStudio.TestTools.Common.TestExecutionTraceInformation">
			<trace type="System.Text.StringBuilder">
				Creating instance of class GBPWebProxy.Test.CanalTest.
				Calling Test method GBPWebProxy.Test.CanalTest.Microsoft.VisualStudio.TestTools.TestTypes.Unit.TestMethod.
			</trace>
		</traceInfo>
		<stdout type="System.String" />
		<stderr type="System.String" />
		<debugTrace type="System.String" />
		<workItemIds type="System.Collections.Generic.List`1[[System.Int32, mscorlib, Version=2.0.0.0, Culture=neutral, PublicKeyToken=b77a5c561934e089]]">
			<_size type="System.Int32">0</_size>
			<_version type="System.Int32">1</_version>
		</workItemIds>
		<id type="Microsoft.VisualStudio.TestTools.Common.TestResultId">
			<runId type="System.Guid">3f9dc70e-b570-4498-a02d-9e1a3ddbc58f</runId>
			<executionId type="Microsoft.VisualStudio.TestTools.Common.TestExecId">
				<id type="System.Guid">0f1d9b35-5aa1-4adf-ade6-be1f4e847f9c</id>
			</executionId>
			<parentExecId type="Microsoft.VisualStudio.TestTools.Common.TestExecId">
				<id type="System.Guid">00000000-0000-0000-0000-000000000000</id>
			</parentExecId>
			<testId type="Microsoft.VisualStudio.TestTools.Common.TestId">
				<id type="System.Guid">66e82988-d61c-e428-dc13-3687253c29f1</id>
			</testId>
		</id>
		<testName type="System.String">DescriptionTest</testName>
		<testType type="Microsoft.VisualStudio.TestTools.Common.TestType">
			<id type="System.Guid">13cdc9d9-ddb5-4fa4-a97d-d965ccfc6d4b</id>
		</testType>
		<messageKind type="Microsoft.VisualStudio.TestTools.Common.TestMessageKind">
			<value__ type="System.Int32">1</value__>
		</messageKind>
		<computerInfo type="Microsoft.VisualStudio.TestTools.Common.ComputerInfo">
			<m_computerName type="System.String">RIDOPC</m_computerName>
		</computerInfo>
		<duration type="System.TimeSpan">00:00:00.0007459</duration>
		<startTime type="System.DateTime">
			<dateData type="System.UInt64">632830275030937500</dateData>
		</startTime>
		<endTime type="System.DateTime">
			<dateData type="System.UInt64">632830275031406250</dateData>
		</endTime>
		<spoolMessage type="System.Boolean">True</spoolMessage>
	</UnitTestResult>
	<UnitTestResult type="Microsoft.VisualStudio.TestTools.TestTypes.Unit.UnitTestResult, Microsoft.VisualStudio.QualityTools.Tips.UnitTest.ObjectModel, Version=8.0.0.0, Culture=neutral, PublicKeyToken=b03f5f7f11d50a3a">
		<resultType type="Microsoft.VisualStudio.TestTools.TestTypes.Unit.UnitTestResultType, Microsoft.VisualStudio.QualityTools.Tips.UnitTest.ObjectModel, Version=8.0.0.0, Culture=neutral, PublicKeyToken=b03f5f7f11d50a3a">
			<value__ type="System.Int32">0</value__>
		</resultType>
		<m_hasSufficientAccess type="System.Boolean">True</m_hasSufficientAccess>
		<counters type="Microsoft.VisualStudio.TestTools.Common.TestResultCounter">
			<values type="System.Int32">0,0,0,0,0,0,0,0,0,0,0,0,0,0</values>
			<total type="System.Int32">1</total>
		</counters>
		<categoryId type="Microsoft.VisualStudio.TestTools.Common.TestCategoryId">
			<id type="System.Guid">8c84fa94-04c1-424b-9868-57a2d4851a1d</id>
		</categoryId>
		<outcome type="Microsoft.VisualStudio.TestTools.Common.TestOutcome">
			<value__ type="System.Int32">10</value__>
		</outcome>
		<traceInfo type="Microsoft.VisualStudio.TestTools.Common.TestExecutionTraceInformation">
			<trace type="System.Text.StringBuilder">
				Creating instance of class GBPWebProxy.Test.CanalTest.
				Calling Test method GBPWebProxy.Test.CanalTest.Microsoft.VisualStudio.TestTools.TestTypes.Unit.TestMethod.
			</trace>
		</traceInfo>
		<stdout type="System.String" />
		<stderr type="System.String" />
		<debugTrace type="System.String" />
		<workItemIds type="System.Collections.Generic.List`1[[System.Int32, mscorlib, Version=2.0.0.0, Culture=neutral, PublicKeyToken=b77a5c561934e089]]">
			<_size type="System.Int32">0</_size>
			<_version type="System.Int32">1</_version>
		</workItemIds>
		<id type="Microsoft.VisualStudio.TestTools.Common.TestResultId">
			<runId type="System.Guid">3f9dc70e-b570-4498-a02d-9e1a3ddbc58f</runId>
			<executionId type="Microsoft.VisualStudio.TestTools.Common.TestExecId">
				<id type="System.Guid">a60416de-3585-4816-a63a-c4971ffac6bd</id>
			</executionId>
			<parentExecId type="Microsoft.VisualStudio.TestTools.Common.TestExecId">
				<id type="System.Guid">00000000-0000-0000-0000-000000000000</id>
			</parentExecId>
			<testId type="Microsoft.VisualStudio.TestTools.Common.TestId">
				<id type="System.Guid">1411e443-0128-5948-eb4f-7ba79462eaf8</id>
			</testId>
		</id>
		<testName type="System.String">GuidTest</testName>
		<testType type="Microsoft.VisualStudio.TestTools.Common.TestType">
			<id type="System.Guid">13cdc9d9-ddb5-4fa4-a97d-d965ccfc6d4b</id>
		</testType>
		<messageKind type="Microsoft.VisualStudio.TestTools.Common.TestMessageKind">
			<value__ type="System.Int32">1</value__>
		</messageKind>
		<computerInfo type="Microsoft.VisualStudio.TestTools.Common.ComputerInfo">
			<m_computerName type="System.String">RIDOPC</m_computerName>
		</computerInfo>
		<duration type="System.TimeSpan">00:00:00.0007235</duration>
		<startTime type="System.DateTime">
			<dateData type="System.UInt64">632830275031562500</dateData>
		</startTime>
		<endTime type="System.DateTime">
			<dateData type="System.UInt64">632830275031718750</dateData>
		</endTime>
		<spoolMessage type="System.Boolean">True</spoolMessage>
	</UnitTestResult>
	<UnitTestResult type="Microsoft.VisualStudio.TestTools.TestTypes.Unit.UnitTestResult, Microsoft.VisualStudio.QualityTools.Tips.UnitTest.ObjectModel, Version=8.0.0.0, Culture=neutral, PublicKeyToken=b03f5f7f11d50a3a">
		<resultType type="Microsoft.VisualStudio.TestTools.TestTypes.Unit.UnitTestResultType, Microsoft.VisualStudio.QualityTools.Tips.UnitTest.ObjectModel, Version=8.0.0.0, Culture=neutral, PublicKeyToken=b03f5f7f11d50a3a">
			<value__ type="System.Int32">0</value__>
		</resultType>
		<m_hasSufficientAccess type="System.Boolean">True</m_hasSufficientAccess>
		<counters type="Microsoft.VisualStudio.TestTools.Common.TestResultCounter">
			<values type="System.Int32">0,0,0,0,0,0,0,0,0,0,0,0,0,0</values>
			<total type="System.Int32">1</total>
		</counters>
		<categoryId type="Microsoft.VisualStudio.TestTools.Common.TestCategoryId">
			<id type="System.Guid">8c84fa94-04c1-424b-9868-57a2d4851a1d</id>
		</categoryId>
		<outcome type="Microsoft.VisualStudio.TestTools.Common.TestOutcome">
			<value__ type="System.Int32">10</value__>
		</outcome>
		<traceInfo type="Microsoft.VisualStudio.TestTools.Common.TestExecutionTraceInformation">
			<trace type="System.Text.StringBuilder">
				Creating instance of class GBPWebProxy.Test.CanalTest.
				Calling Test method GBPWebProxy.Test.CanalTest.Microsoft.VisualStudio.TestTools.TestTypes.Unit.TestMethod.
			</trace>
		</traceInfo>
		<stdout type="System.String" />
		<stderr type="System.String" />
		<debugTrace type="System.String" />
		<workItemIds type="System.Collections.Generic.List`1[[System.Int32, mscorlib, Version=2.0.0.0, Culture=neutral, PublicKeyToken=b77a5c561934e089]]">
			<_size type="System.Int32">0</_size>
			<_version type="System.Int32">1</_version>
		</workItemIds>
		<id type="Microsoft.VisualStudio.TestTools.Common.TestResultId">
			<runId type="System.Guid">3f9dc70e-b570-4498-a02d-9e1a3ddbc58f</runId>
			<executionId type="Microsoft.VisualStudio.TestTools.Common.TestExecId">
				<id type="System.Guid">4b893deb-1a22-4fd3-ad88-44c8ada90945</id>
			</executionId>
			<parentExecId type="Microsoft.VisualStudio.TestTools.Common.TestExecId">
				<id type="System.Guid">00000000-0000-0000-0000-000000000000</id>
			</parentExecId>
			<testId type="Microsoft.VisualStudio.TestTools.Common.TestId">
				<id type="System.Guid">9057a423-b60f-bbcc-dc5b-6a90904eef19</id>
			</testId>
		</id>
		<testName type="System.String">NameTest</testName>
		<testType type="Microsoft.VisualStudio.TestTools.Common.TestType">
			<id type="System.Guid">13cdc9d9-ddb5-4fa4-a97d-d965ccfc6d4b</id>
		</testType>
		<messageKind type="Microsoft.VisualStudio.TestTools.Common.TestMessageKind">
			<value__ type="System.Int32">1</value__>
		</messageKind>
		<computerInfo type="Microsoft.VisualStudio.TestTools.Common.ComputerInfo">
			<m_computerName type="System.String">RIDOPC</m_computerName>
		</computerInfo>
		<duration type="System.TimeSpan">00:00:00.0007283</duration>
		<startTime type="System.DateTime">
			<dateData type="System.UInt64">632830275031718750</dateData>
		</startTime>
		<endTime type="System.DateTime">
			<dateData type="System.UInt64">632830275032187500</dateData>
		</endTime>
		<spoolMessage type="System.Boolean">True</spoolMessage>
	</UnitTestResult>
	<UnitTestResult type="Microsoft.VisualStudio.TestTools.TestTypes.Unit.UnitTestResult, Microsoft.VisualStudio.QualityTools.Tips.UnitTest.ObjectModel, Version=8.0.0.0, Culture=neutral, PublicKeyToken=b03f5f7f11d50a3a">
		<resultType type="Microsoft.VisualStudio.TestTools.TestTypes.Unit.UnitTestResultType, Microsoft.VisualStudio.QualityTools.Tips.UnitTest.ObjectModel, Version=8.0.0.0, Culture=neutral, PublicKeyToken=b03f5f7f11d50a3a">
			<value__ type="System.Int32">0</value__>
		</resultType>
		<m_hasSufficientAccess type="System.Boolean">True</m_hasSufficientAccess>
		<counters type="Microsoft.VisualStudio.TestTools.Common.TestResultCounter">
			<values type="System.Int32">0,0,0,0,0,0,0,0,0,0,0,0,0,0</values>
			<total type="System.Int32">1</total>
		</counters>
		<categoryId type="Microsoft.VisualStudio.TestTools.Common.TestCategoryId">
			<id type="System.Guid">8c84fa94-04c1-424b-9868-57a2d4851a1d</id>
		</categoryId>
		<outcome type="Microsoft.VisualStudio.TestTools.Common.TestOutcome">
			<value__ type="System.Int32">10</value__>
		</outcome>
		<traceInfo type="Microsoft.VisualStudio.TestTools.Common.TestExecutionTraceInformation">
			<trace type="System.Text.StringBuilder">
				Creating instance of class GBPWebProxy.Test.CanalTest.
				Calling Test method GBPWebProxy.Test.CanalTest.Microsoft.VisualStudio.TestTools.TestTypes.Unit.TestMethod.
			</trace>
		</traceInfo>
		<stdout type="System.String" />
		<stderr type="System.String" />
		<debugTrace type="System.String" />
		<workItemIds type="System.Collections.Generic.List`1[[System.Int32, mscorlib, Version=2.0.0.0, Culture=neutral, PublicKeyToken=b77a5c561934e089]]">
			<_size type="System.Int32">0</_size>
			<_version type="System.Int32">1</_version>
		</workItemIds>
		<id type="Microsoft.VisualStudio.TestTools.Common.TestResultId">
			<runId type="System.Guid">3f9dc70e-b570-4498-a02d-9e1a3ddbc58f</runId>
			<executionId type="Microsoft.VisualStudio.TestTools.Common.TestExecId">
				<id type="System.Guid">99888130-8a32-4adc-b52e-d18558014c50</id>
			</executionId>
			<parentExecId type="Microsoft.VisualStudio.TestTools.Common.TestExecId">
				<id type="System.Guid">00000000-0000-0000-0000-000000000000</id>
			</parentExecId>
			<testId type="Microsoft.VisualStudio.TestTools.Common.TestId">
				<id type="System.Guid">efb65c51-3a66-6b7f-6954-7318e022d575</id>
			</testId>
		</id>
		<testName type="System.String">PaginasTest</testName>
		<testType type="Microsoft.VisualStudio.TestTools.Common.TestType">
			<id type="System.Guid">13cdc9d9-ddb5-4fa4-a97d-d965ccfc6d4b</id>
		</testType>
		<messageKind type="Microsoft.VisualStudio.TestTools.Common.TestMessageKind">
			<value__ type="System.Int32">1</value__>
		</messageKind>
		<computerInfo type="Microsoft.VisualStudio.TestTools.Common.ComputerInfo">
			<m_computerName type="System.String">RIDOPC</m_computerName>
		</computerInfo>
		<duration type="System.TimeSpan">00:00:00.0007855</duration>
		<startTime type="System.DateTime">
			<dateData type="System.UInt64">632830275032187500</dateData>
		</startTime>
		<endTime type="System.DateTime">
			<dateData type="System.UInt64">632830275032968750</dateData>
		</endTime>
		<spoolMessage type="System.Boolean">True</spoolMessage>
	</UnitTestResult>
	<UnitTestResult type="Microsoft.VisualStudio.TestTools.TestTypes.Unit.UnitTestResult, Microsoft.VisualStudio.QualityTools.Tips.UnitTest.ObjectModel, Version=8.0.0.0, Culture=neutral, PublicKeyToken=b03f5f7f11d50a3a">
		<resultType type="Microsoft.VisualStudio.TestTools.TestTypes.Unit.UnitTestResultType, Microsoft.VisualStudio.QualityTools.Tips.UnitTest.ObjectModel, Version=8.0.0.0, Culture=neutral, PublicKeyToken=b03f5f7f11d50a3a">
			<value__ type="System.Int32">0</value__>
		</resultType>
		<m_hasSufficientAccess type="System.Boolean">True</m_hasSufficientAccess>
		<counters type="Microsoft.VisualStudio.TestTools.Common.TestResultCounter">
			<values type="System.Int32">0,0,0,0,0,0,0,0,0,0,0,0,0,0</values>
			<total type="System.Int32">1</total>
		</counters>
		<categoryId type="Microsoft.VisualStudio.TestTools.Common.TestCategoryId">
			<id type="System.Guid">8c84fa94-04c1-424b-9868-57a2d4851a1d</id>
		</categoryId>
		<outcome type="Microsoft.VisualStudio.TestTools.Common.TestOutcome">
			<value__ type="System.Int32">1</value__>
		</outcome>
		<errorInfo type="Microsoft.VisualStudio.TestTools.Common.TestResultErrorInfo">
			<message type="System.String">Assert.AreSame failed. GBP.Web.Proxy.Canal.Parent was not set correctly.</message>
			<stackTrace type="System.String">
				at GBPWebProxy.Test.CanalTest.ParentTest() in D:\temp\GBPWebProxy\GBPWebProxy.Test\CanalTest.cs:line 170
			</stackTrace>
		</errorInfo>
		<traceInfo type="Microsoft.VisualStudio.TestTools.Common.TestExecutionTraceInformation">
			<trace type="System.Text.StringBuilder">
				Creating instance of class GBPWebProxy.Test.CanalTest.
				Calling Test method GBPWebProxy.Test.CanalTest.Microsoft.VisualStudio.TestTools.TestTypes.Unit.TestMethod.
			</trace>
		</traceInfo>
		<stdout type="System.String" />
		<stderr type="System.String" />
		<debugTrace type="System.String" />
		<workItemIds type="System.Collections.Generic.List`1[[System.Int32, mscorlib, Version=2.0.0.0, Culture=neutral, PublicKeyToken=b77a5c561934e089]]">
			<_size type="System.Int32">0</_size>
			<_version type="System.Int32">1</_version>
		</workItemIds>
		<id type="Microsoft.VisualStudio.TestTools.Common.TestResultId">
			<runId type="System.Guid">3f9dc70e-b570-4498-a02d-9e1a3ddbc58f</runId>
			<executionId type="Microsoft.VisualStudio.TestTools.Common.TestExecId">
				<id type="System.Guid">2c7560e2-c1d1-45e0-85f9-b39a897d81f4</id>
			</executionId>
			<parentExecId type="Microsoft.VisualStudio.TestTools.Common.TestExecId">
				<id type="System.Guid">00000000-0000-0000-0000-000000000000</id>
			</parentExecId>
			<testId type="Microsoft.VisualStudio.TestTools.Common.TestId">
				<id type="System.Guid">2021d2b8-89fe-f3c6-38be-086e65d3a8fd</id>
			</testId>
		</id>
		<testName type="System.String">ParentTest</testName>
		<testType type="Microsoft.VisualStudio.TestTools.Common.TestType">
			<id type="System.Guid">13cdc9d9-ddb5-4fa4-a97d-d965ccfc6d4b</id>
		</testType>
		<messageKind type="Microsoft.VisualStudio.TestTools.Common.TestMessageKind">
			<value__ type="System.Int32">1</value__>
		</messageKind>
		<computerInfo type="Microsoft.VisualStudio.TestTools.Common.ComputerInfo">
			<m_computerName type="System.String">RIDOPC</m_computerName>
		</computerInfo>
		<duration type="System.TimeSpan">00:00:00.2315132</duration>
		<startTime type="System.DateTime">
			<dateData type="System.UInt64">632830275033125000</dateData>
		</startTime>
		<endTime type="System.DateTime">
			<dateData type="System.UInt64">632830275035625000</dateData>
		</endTime>
		<spoolMessage type="System.Boolean">True</spoolMessage>
	</UnitTestResult>
	<UnitTestResult type="Microsoft.VisualStudio.TestTools.TestTypes.Unit.UnitTestResult, Microsoft.VisualStudio.QualityTools.Tips.UnitTest.ObjectModel, Version=8.0.0.0, Culture=neutral, PublicKeyToken=b03f5f7f11d50a3a">
		<resultType type="Microsoft.VisualStudio.TestTools.TestTypes.Unit.UnitTestResultType, Microsoft.VisualStudio.QualityTools.Tips.UnitTest.ObjectModel, Version=8.0.0.0, Culture=neutral, PublicKeyToken=b03f5f7f11d50a3a">
			<value__ type="System.Int32">0</value__>
		</resultType>
		<m_hasSufficientAccess type="System.Boolean">True</m_hasSufficientAccess>
		<counters type="Microsoft.VisualStudio.TestTools.Common.TestResultCounter">
			<values type="System.Int32">0,0,0,0,0,0,0,0,0,0,0,0,0,0</values>
			<total type="System.Int32">1</total>
		</counters>
		<categoryId type="Microsoft.VisualStudio.TestTools.Common.TestCategoryId">
			<id type="System.Guid">8c84fa94-04c1-424b-9868-57a2d4851a1d</id>
		</categoryId>
		<outcome type="Microsoft.VisualStudio.TestTools.Common.TestOutcome">
			<value__ type="System.Int32">10</value__>
		</outcome>
		<traceInfo type="Microsoft.VisualStudio.TestTools.Common.TestExecutionTraceInformation">
			<trace type="System.Text.StringBuilder">
				Creating instance of class GBPWebProxy.Test.CanalTest.
				Calling Test method GBPWebProxy.Test.CanalTest.Microsoft.VisualStudio.TestTools.TestTypes.Unit.TestMethod.
			</trace>
		</traceInfo>
		<stdout type="System.String" />
		<stderr type="System.String" />
		<debugTrace type="System.String" />
		<workItemIds type="System.Collections.Generic.List`1[[System.Int32, mscorlib, Version=2.0.0.0, Culture=neutral, PublicKeyToken=b77a5c561934e089]]">
			<_size type="System.Int32">0</_size>
			<_version type="System.Int32">1</_version>
		</workItemIds>
		<id type="Microsoft.VisualStudio.TestTools.Common.TestResultId">
			<runId type="System.Guid">3f9dc70e-b570-4498-a02d-9e1a3ddbc58f</runId>
			<executionId type="Microsoft.VisualStudio.TestTools.Common.TestExecId">
				<id type="System.Guid">728f9c9b-883c-4539-94a8-c308dff41465</id>
			</executionId>
			<parentExecId type="Microsoft.VisualStudio.TestTools.Common.TestExecId">
				<id type="System.Guid">00000000-0000-0000-0000-000000000000</id>
			</parentExecId>
			<testId type="Microsoft.VisualStudio.TestTools.Common.TestId">
				<id type="System.Guid">c6d71f3d-a6f9-9834-93a1-67751e1a6065</id>
			</testId>
		</id>
		<testName type="System.String">TitleTest</testName>
		<testType type="Microsoft.VisualStudio.TestTools.Common.TestType">
			<id type="System.Guid">13cdc9d9-ddb5-4fa4-a97d-d965ccfc6d4b</id>
		</testType>
		<messageKind type="Microsoft.VisualStudio.TestTools.Common.TestMessageKind">
			<value__ type="System.Int32">1</value__>
		</messageKind>
		<computerInfo type="Microsoft.VisualStudio.TestTools.Common.ComputerInfo">
			<m_computerName type="System.String">RIDOPC</m_computerName>
		</computerInfo>
		<duration type="System.TimeSpan">00:00:00.0007847</duration>
		<startTime type="System.DateTime">
			<dateData type="System.UInt64">632830275035625000</dateData>
		</startTime>
		<endTime type="System.DateTime">
			<dateData type="System.UInt64">632830275036093750</dateData>
		</endTime>
		<spoolMessage type="System.Boolean">True</spoolMessage>
	</UnitTestResult>
	<UnitTestResult type="Microsoft.VisualStudio.TestTools.TestTypes.Unit.UnitTestResult, Microsoft.VisualStudio.QualityTools.Tips.UnitTest.ObjectModel, Version=8.0.0.0, Culture=neutral, PublicKeyToken=b03f5f7f11d50a3a">
		<resultType type="Microsoft.VisualStudio.TestTools.TestTypes.Unit.UnitTestResultType, Microsoft.VisualStudio.QualityTools.Tips.UnitTest.ObjectModel, Version=8.0.0.0, Culture=neutral, PublicKeyToken=b03f5f7f11d50a3a">
			<value__ type="System.Int32">0</value__>
		</resultType>
		<m_hasSufficientAccess type="System.Boolean">True</m_hasSufficientAccess>
		<counters type="Microsoft.VisualStudio.TestTools.Common.TestResultCounter">
			<values type="System.Int32">0,0,0,0,0,0,0,0,0,0,0,0,0,0</values>
			<total type="System.Int32">1</total>
		</counters>
		<categoryId type="Microsoft.VisualStudio.TestTools.Common.TestCategoryId">
			<id type="System.Guid">8c84fa94-04c1-424b-9868-57a2d4851a1d</id>
		</categoryId>
		<outcome type="Microsoft.VisualStudio.TestTools.Common.TestOutcome">
			<value__ type="System.Int32">10</value__>
		</outcome>
		<traceInfo type="Microsoft.VisualStudio.TestTools.Common.TestExecutionTraceInformation">
			<trace type="System.Text.StringBuilder">
				Creating instance of class GBPWebProxy.Test.CanalTest.
				Calling Test method GBPWebProxy.Test.CanalTest.Microsoft.VisualStudio.TestTools.TestTypes.Unit.TestMethod.
			</trace>
		</traceInfo>
		<stdout type="System.String" />
		<stderr type="System.String" />
		<debugTrace type="System.String" />
		<workItemIds type="System.Collections.Generic.List`1[[System.Int32, mscorlib, Version=2.0.0.0, Culture=neutral, PublicKeyToken=b77a5c561934e089]]">
			<_size type="System.Int32">0</_size>
			<_version type="System.Int32">1</_version>
		</workItemIds>
		<id type="Microsoft.VisualStudio.TestTools.Common.TestResultId">
			<runId type="System.Guid">3f9dc70e-b570-4498-a02d-9e1a3ddbc58f</runId>
			<executionId type="Microsoft.VisualStudio.TestTools.Common.TestExecId">
				<id type="System.Guid">0e33f449-ad9c-480a-8289-0e155576b843</id>
			</executionId>
			<parentExecId type="Microsoft.VisualStudio.TestTools.Common.TestExecId">
				<id type="System.Guid">00000000-0000-0000-0000-000000000000</id>
			</parentExecId>
			<testId type="Microsoft.VisualStudio.TestTools.Common.TestId">
				<id type="System.Guid">a6fc916b-41d4-98d3-e0e0-140791144c3b</id>
			</testId>
		</id>
		<testName type="System.String">UrlTest</testName>
		<testType type="Microsoft.VisualStudio.TestTools.Common.TestType">
			<id type="System.Guid">13cdc9d9-ddb5-4fa4-a97d-d965ccfc6d4b</id>
		</testType>
		<messageKind type="Microsoft.VisualStudio.TestTools.Common.TestMessageKind">
			<value__ type="System.Int32">1</value__>
		</messageKind>
		<computerInfo type="Microsoft.VisualStudio.TestTools.Common.ComputerInfo">
			<m_computerName type="System.String">RIDOPC</m_computerName>
		</computerInfo>
		<duration type="System.TimeSpan">00:00:00.0007883</duration>
		<startTime type="System.DateTime">
			<dateData type="System.UInt64">632830275036093750</dateData>
		</startTime>
		<endTime type="System.DateTime">
			<dateData type="System.UInt64">632830275037031250</dateData>
		</endTime>
		<spoolMessage type="System.Boolean">True</spoolMessage>
	</UnitTestResult>
</Tests>