<?xml version="1.0" encoding="utf-8"?>
<Tests>
	<edtdocversion branch="retail" build="50727" revision="42" />
	<TestRun type="Microsoft.VisualStudio.TestTools.Common.TestRun">
		<id type="System.Guid">94d2e007-ae71-43c8-966b-07fd69b9f016</id>
		<name type="System.String">rmpablos@RIDOPC 2006-05-20 02:30:23</name>
		<runUser type="System.String">EUROPE\rmpablos</runUser>
		<runConfig type="Microsoft.VisualStudio.TestTools.Common.TestRunConfiguration">
			<id type="Microsoft.VisualStudio.TestTools.Common.TestRunConfigurationId">
				<id type="System.Guid">26cf56da-b11e-4997-aa4c-17b9b090fe3b</id>
			</id>
			<name type="System.String">Local Test Run</name>
			<description type="System.String">This is a default test run configuration for a local test run.</description>
			<isCodeCoverageEnabled type="System.Boolean">False</isCodeCoverageEnabled>
			<codeCoverageItems type="System.Collections.Generic.List`1[[Microsoft.VisualStudio.TestTools.Common.CodeCoverageItem, Microsoft.VisualStudio.QualityTools.Common, Version=8.0.0.0, Culture=neutral, PublicKeyToken=b03f5f7f11d50a3a]]">
				<_size type="System.Int32">0</_size>
				<_version type="System.Int32">0</_version>
			</codeCoverageItems>
			<codeCoverageKeyFile type="System.String" />
			<aspNetProjectCoverageItems type="System.Collections.Generic.List`1[[Microsoft.VisualStudio.TestTools.Common.AspNetProjectItem, Microsoft.VisualStudio.QualityTools.Common, Version=8.0.0.0, Culture=neutral, PublicKeyToken=b03f5f7f11d50a3a]]">
				<_size type="System.Int32">0</_size>
				<_version type="System.Int32">0</_version>
			</aspNetProjectCoverageItems>
			<isExecutedRemotely type="System.Boolean">False</isExecutedRemotely>
			<bucketSize type="System.Int32">200</bucketSize>
			<bucketThreshold type="System.Int32">1000</bucketThreshold>
			<runTimeout type="System.Int32">0</runTimeout>
			<testTimeout type="System.Int32">300000</testTimeout>
			<agentNotRespondingTimeout type="System.Int32">300000</agentNotRespondingTimeout>
			<deploymentTimeout type="System.Int32">300000</deploymentTimeout>
			<controllerName type="System.String" />
			<plugins type="System.Collections.Generic.List`1[[System.String, mscorlib, Version=2.0.0.0, Culture=neutral, PublicKeyToken=b77a5c561934e089]]">
				<_items type="System.String[]">
					<element type="System.String">Microsoft.VisualStudio.TestTools.HostAdapters.AspNetPlugin, Microsoft.VisualStudio.QualityTools.HostAdapters.ASPNETAgent, Version=8.0.0.0, PublicKeyToken=b03f5f7f11d50a3a</element>
					<element />
					<element />
					<element />
				</_items>
				<_size type="System.Int32">1</_size>
				<_version type="System.Int32">1</_version>
			</plugins>
			<testTypeSpecificData type="System.Collections.Generic.Dictionary`2[[Microsoft.VisualStudio.TestTools.Common.TestType, Microsoft.VisualStudio.QualityTools.Common, Version=8.0.0.0, Culture=neutral, PublicKeyToken=b03f5f7f11d50a3a],[Microsoft.VisualStudio.TestTools.Common.ITestTypeSpecificRunConfigurationData, Microsoft.VisualStudio.QualityTools.Common, Version=8.0.0.0, Culture=neutral, PublicKeyToken=b03f5f7f11d50a3a]]">
				<count type="System.Int32">0</count>
				<version type="System.Int32">0</version>
				<freeList type="System.Int32">0</freeList>
				<freeCount type="System.Int32">0</freeCount>
				<comparer type="System.Collections.Generic.ObjectEqualityComparer`1[[Microsoft.VisualStudio.TestTools.Common.TestType, Microsoft.VisualStudio.QualityTools.Common, Version=8.0.0.0, Culture=neutral, PublicKeyToken=b03f5f7f11d50a3a]]" />
			</testTypeSpecificData>
			<userDeploymentRoot type="System.String" />
			<useDefaultDeploymentRoot type="System.Boolean">True</useDefaultDeploymentRoot>
			<runDeploymentRoot type="System.String">D:\rido\RidoCode\TRXReport\rmpablos_RIDOPC 2006-05-20 02_30_23</runDeploymentRoot>
			<deploymentItems type="Microsoft.VisualStudio.TestTools.Common.DeploymentItemCollection">
				<m_container type="System.Collections.Hashtable">
					<key type="Microsoft.VisualStudio.TestTools.Common.DeploymentItem">
						<path type="System.String">D:\rido\RidoCode\TRXReport\SampleTestProject\bin\Debug\SampleTestProject.dll</path>
						<outputDirectory type="System.String" />
					</key>
					<value />
				</m_container>
			</deploymentItems>
			<testRunNamingScheme type="Microsoft.VisualStudio.TestTools.Common.TestRunNamingScheme">
				<appendTimeStamp type="System.Boolean">True</appendTimeStamp>
				<useDefault type="System.Boolean">True</useDefault>
			</testRunNamingScheme>
			<setupCommand type="System.String" />
			<cleanupCommand type="System.String" />
			<abortRunOnError type="System.Boolean">False</abortRunOnError>
			<mapIPAddresses type="System.Boolean">False</mapIPAddresses>
			<agentProperties type="System.Collections.Specialized.StringDictionary, System, Version=2.0.0.0, Culture=neutral, PublicKeyToken=b77a5c561934e089" />
			<hostData type="Microsoft.VisualStudio.TestTools.Common.HostRunConfigurationData">
				<mapHostSpecificData type="System.Collections.Generic.Dictionary`2[[System.String, mscorlib, Version=2.0.0.0, Culture=neutral, PublicKeyToken=b77a5c561934e089],[Microsoft.VisualStudio.TestTools.Common.IHostSpecificRunConfigurationData, Microsoft.VisualStudio.QualityTools.Common, Version=8.0.0.0, Culture=neutral, PublicKeyToken=b03f5f7f11d50a3a]]">
					<count type="System.Int32">0</count>
					<version type="System.Int32">0</version>
					<freeList type="System.Int32">0</freeList>
					<freeCount type="System.Int32">0</freeCount>
					<comparer type="System.Collections.Generic.GenericEqualityComparer`1[[System.String, mscorlib, Version=2.0.0.0, Culture=neutral, PublicKeyToken=b77a5c561934e089]]" />
				</mapHostSpecificData>
			</hostData>
			<ignoredDependentAssemblies type="System.String" />
			<apartmentState type="System.Threading.ApartmentState">
				<value__ type="System.Int32">0</value__>
			</apartmentState>
		</runConfig>
		<result type="Microsoft.VisualStudio.TestTools.Common.RunResultAndStatistics">
			<runInfoList type="System.Collections.Generic.List`1[[Microsoft.VisualStudio.TestTools.Common.RunInfo, Microsoft.VisualStudio.QualityTools.Common, Version=8.0.0.0, Culture=neutral, PublicKeyToken=b03f5f7f11d50a3a]]">
				<_size type="System.Int32">0</_size>
				<_version type="System.Int32">0</_version>
			</runInfoList>
			<totalTestCount type="System.Int32">1</totalTestCount>
			<executedTestCount type="System.Int32">1</executedTestCount>
			<passedTestCount type="System.Int32">1</passedTestCount>
			<stdout type="System.String" />
			<stderr type="System.String" />
			<debugTrace type="System.String" />
			<outcome type="Microsoft.VisualStudio.TestTools.Common.TestOutcome">
				<value__ type="System.Int32">11</value__>
			</outcome>
			<counters type="System.Int32">0,0,0,0,0,0,0,0,0,0,1,0,0,0</counters>
			<isPartialRun type="System.Boolean">False</isPartialRun>
		</result>
		<creationTime type="System.DateTime">
			<dateData type="System.UInt64">5244522836666762904</dateData>
		</creationTime>
		<queueingTime type="System.DateTime">
			<dateData type="System.UInt64">5244522836697231654</dateData>
		</queueingTime>
		<startTime type="System.DateTime">
			<dateData type="System.UInt64">5244522836701294154</dateData>
		</startTime>
		<finishTime type="System.DateTime">
			<dateData type="System.UInt64">5244522836716919154</dateData>
		</finishTime>
		<tests type="System.Collections.Hashtable">
			<key type="Microsoft.VisualStudio.TestTools.Common.TestId">
				<id type="System.Guid">162e2c31-6ae8-7996-bc21-766f60c8a690</id>
			</key>
			<value type="Microsoft.VisualStudio.TestTools.TestTypes.Unit.UnitTestElement, Microsoft.VisualStudio.QualityTools.Tips.UnitTest.ObjectModel, Version=8.0.0.0, Culture=neutral, PublicKeyToken=b03f5f7f11d50a3a">
				<codeBase type="System.String">D:\rido\RidoCode\TRXReport\SampleTestProject\bin\Debug\SampleTestProject.dll</codeBase>
				<adapterTypeName type="System.String">Microsoft.VisualStudio.TestTools.TestTypes.Unit.UnitTestAdapter, Microsoft.VisualStudio.QualityTools.Tips.UnitTest.Adapter, Version=8.0.0.0, Culture=neutral, PublicKeyToken=b03f5f7f11d50a3a</adapterTypeName>
				<testMethod type="Microsoft.VisualStudio.TestTools.TestTypes.Unit.TestMethod, Microsoft.VisualStudio.QualityTools.Tips.UnitTest.ObjectModel, Version=8.0.0.0, Culture=neutral, PublicKeyToken=b03f5f7f11d50a3a">
					<className type="System.String">SampleTestProject.TimeParserTest, SampleTestProject</className>
					<name type="System.String">ParseMilliSecondsString</name>
					<expectedExceptionMessage type="System.String" />
					<isValid type="System.Boolean">False</isValid>
				</testMethod>
				<aspNetDevServers type="System.Collections.Generic.List`1[[Microsoft.VisualStudio.TestTools.Common.AspNetDevelopmentServer, Microsoft.VisualStudio.QualityTools.Common, Version=8.0.0.0, Culture=neutral, PublicKeyToken=b03f5f7f11d50a3a]]">
					<_size type="System.Int32">0</_size>
					<_version type="System.Int32">0</_version>
				</aspNetDevServers>
				<dataAccessMethod type="Microsoft.VisualStudio.TestTools.UnitTesting.DataAccessMethod, Microsoft.VisualStudio.QualityTools.UnitTestFramework, Version=8.0.0.0, Culture=neutral, PublicKeyToken=b03f5f7f11d50a3a">
					<value__ type="System.Int32">0</value__>
				</dataAccessMethod>
				<cssProjectStructure type="System.String" />
				<isRunOnRestart type="System.Boolean">False</isRunOnRestart>
				<timeOut type="System.Int32">0</timeOut>
				<isGroupable type="System.Boolean">True</isGroupable>
				<abortRunOnAgentFailure type="System.Boolean">False</abortRunOnAgentFailure>
				<cssIteration type="System.String" />
				<workItemIds type="System.Collections.Generic.List`1[[System.Int32, mscorlib, Version=2.0.0.0, Culture=neutral, PublicKeyToken=b77a5c561934e089]]">
					<_size type="System.Int32">0</_size>
					<_version type="System.Int32">1</_version>
				</workItemIds>
				<id type="Microsoft.VisualStudio.TestTools.Common.TestId">
					<id type="System.Guid">162e2c31-6ae8-7996-bc21-766f60c8a690</id>
				</id>
				<name type="System.String">ParseMilliSecondsString</name>
				<description type="System.String">Probando el método parse del TIMESPAN</description>
				<enabled type="System.Boolean">True</enabled>
				<owner type="System.String" />
				<priority type="System.Int32">0</priority>
				<executionId type="Microsoft.VisualStudio.TestTools.Common.TestExecId">
					<id type="System.Guid">00000000-0000-0000-0000-000000000000</id>
				</executionId>
				<parentExecutId type="Microsoft.VisualStudio.TestTools.Common.TestExecId">
					<id type="System.Guid">00000000-0000-0000-0000-000000000000</id>
				</parentExecutId>
				<deploymentItems type="Microsoft.VisualStudio.TestTools.Common.DeploymentItemCollection" />
				<agentAttributes type="System.Collections.Specialized.StringDictionary, System, Version=2.0.0.0, Culture=neutral, PublicKeyToken=b77a5c561934e089" />
				<storage type="System.String">d:\rido\ridocode\trxreport\sampletestproject\bin\debug\sampletestproject.dll</storage>
				<projectData type="Microsoft.VisualStudio.TestTools.Common.ProjectData">
					<id type="System.Guid">69f85144-10bd-4003-9b39-e872bfc0dc96</id>
					<projectName type="System.String">SampleTestProject</projectName>
					<solutionName type="System.String">TRXReport</solutionName>
					<projectRelativePath type="System.String">SampleTestProject\SampleTestProject.csproj</projectRelativePath>
				</projectData>
				<m_nonRunnableReason type="System.String" />
			</value>
		</tests>
		<categories type="System.Collections.Hashtable">
			<key type="Microsoft.VisualStudio.TestTools.Common.TestCategoryId">
				<id type="System.Guid">8c84fa94-04c1-424b-9868-57a2d4851a1d</id>
			</key>
			<value type="Microsoft.VisualStudio.TestTools.Common.TestCategory">
				<id type="Microsoft.VisualStudio.TestTools.Common.TestCategoryId">
					<id type="System.Guid">8c84fa94-04c1-424b-9868-57a2d4851a1d</id>
				</id>
				<name type="System.String">Results Not in a List</name>
				<description type="System.String" />
				<enabled type="System.Boolean">True</enabled>
				<parentCategoryId type="Microsoft.VisualStudio.TestTools.Common.TestCategoryId">
					<id type="System.Guid">00000000-0000-0000-0000-000000000000</id>
				</parentCategoryId>
			</value>
			<key type="Microsoft.VisualStudio.TestTools.Common.TestCategoryId">
				<id type="System.Guid">19431567-8539-422a-85d7-44ee4e166bda</id>
			</key>
			<value type="Microsoft.VisualStudio.TestTools.Common.TestCategory">
				<id type="Microsoft.VisualStudio.TestTools.Common.TestCategoryId">
					<id type="System.Guid">19431567-8539-422a-85d7-44ee4e166bda</id>
				</id>
				<name type="System.String">All Loaded Results</name>
				<description type="System.String" />
				<enabled type="System.Boolean">True</enabled>
				<parentCategoryId type="Microsoft.VisualStudio.TestTools.Common.TestCategoryId">
					<id type="System.Guid">00000000-0000-0000-0000-000000000000</id>
				</parentCategoryId>
			</value>
		</categories>
		<entries type="Microsoft.VisualStudio.TestTools.Common.TestEntry[]">
			<element type="Microsoft.VisualStudio.TestTools.Common.TestEntry">
				<m_testId type="Microsoft.VisualStudio.TestTools.Common.TestId">
					<id type="System.Guid">162e2c31-6ae8-7996-bc21-766f60c8a690</id>
				</m_testId>
				<m_execId type="Microsoft.VisualStudio.TestTools.Common.TestExecId">
					<id type="System.Guid">3cf09f9b-3b9f-408e-a6fc-b225040073cb</id>
				</m_execId>
				<m_parentExecId type="Microsoft.VisualStudio.TestTools.Common.TestExecId">
					<id type="System.Guid">00000000-0000-0000-0000-000000000000</id>
				</m_parentExecId>
				<m_categoryId type="Microsoft.VisualStudio.TestTools.Common.TestCategoryId">
					<id type="System.Guid">8c84fa94-04c1-424b-9868-57a2d4851a1d</id>
				</m_categoryId>
				<m_isTransparent type="System.Boolean">True</m_isTransparent>
			</element>
		</entries>
	</TestRun>
	<UnitTestResult type="Microsoft.VisualStudio.TestTools.TestTypes.Unit.UnitTestResult, Microsoft.VisualStudio.QualityTools.Tips.UnitTest.ObjectModel, Version=8.0.0.0, Culture=neutral, PublicKeyToken=b03f5f7f11d50a3a">
		<resultType type="Microsoft.VisualStudio.TestTools.TestTypes.Unit.UnitTestResultType, Microsoft.VisualStudio.QualityTools.Tips.UnitTest.ObjectModel, Version=8.0.0.0, Culture=neutral, PublicKeyToken=b03f5f7f11d50a3a">
			<value__ type="System.Int32">0</value__>
		</resultType>
		<m_hasSufficientAccess type="System.Boolean">True</m_hasSufficientAccess>
		<counters type="Microsoft.VisualStudio.TestTools.Common.TestResultCounter">
			<values type="System.Int32">0,0,0,0,0,0,0,0,0,0,0,0,0,0</values>
			<total type="System.Int32">1</total>
		</counters>
		<categoryId type="Microsoft.VisualStudio.TestTools.Common.TestCategoryId">
			<id type="System.Guid">8c84fa94-04c1-424b-9868-57a2d4851a1d</id>
		</categoryId>
		<outcome type="Microsoft.VisualStudio.TestTools.Common.TestOutcome">
			<value__ type="System.Int32">10</value__>
		</outcome>
		<traceInfo type="Microsoft.VisualStudio.TestTools.Common.TestExecutionTraceInformation">
			<trace type="System.Text.StringBuilder">
				Creating instance of class SampleTestProject.TimeParserTest.
				Calling Test method SampleTestProject.TimeParserTest.Microsoft.VisualStudio.TestTools.TestTypes.Unit.TestMethod.
			</trace>
		</traceInfo>
		<stdout type="System.String" />
		<stderr type="System.String" />
		<debugTrace type="System.String" />
		<workItemIds type="System.Collections.Generic.List`1[[System.Int32, mscorlib, Version=2.0.0.0, Culture=neutral, PublicKeyToken=b77a5c561934e089]]">
			<_size type="System.Int32">0</_size>
			<_version type="System.Int32">1</_version>
		</workItemIds>
		<id type="Microsoft.VisualStudio.TestTools.Common.TestResultId">
			<runId type="System.Guid">94d2e007-ae71-43c8-966b-07fd69b9f016</runId>
			<executionId type="Microsoft.VisualStudio.TestTools.Common.TestExecId">
				<id type="System.Guid">3cf09f9b-3b9f-408e-a6fc-b225040073cb</id>
			</executionId>
			<parentExecId type="Microsoft.VisualStudio.TestTools.Common.TestExecId">
				<id type="System.Guid">00000000-0000-0000-0000-000000000000</id>
			</parentExecId>
			<testId type="Microsoft.VisualStudio.TestTools.Common.TestId">
				<id type="System.Guid">162e2c31-6ae8-7996-bc21-766f60c8a690</id>
			</testId>
		</id>
		<testName type="System.String">ParseMilliSecondsString</testName>
		<testType type="Microsoft.VisualStudio.TestTools.Common.TestType">
			<id type="System.Guid">13cdc9d9-ddb5-4fa4-a97d-d965ccfc6d4b</id>
		</testType>
		<messageKind type="Microsoft.VisualStudio.TestTools.Common.TestMessageKind">
			<value__ type="System.Int32">1</value__>
		</messageKind>
		<computerInfo type="Microsoft.VisualStudio.TestTools.Common.ComputerInfo">
			<m_computerName type="System.String">RIDOPC</m_computerName>
		</computerInfo>
		<duration type="System.TimeSpan">00:00:00.1788704</duration>
		<startTime type="System.DateTime">
			<dateData type="System.UInt64">632836818275781250</dateData>
		</startTime>
		<endTime type="System.DateTime">
			<dateData type="System.UInt64">632836818288593750</dateData>
		</endTime>
		<spoolMessage type="System.Boolean">True</spoolMessage>
	</UnitTestResult>
</Tests>