<?xml version="1.0" encoding="UTF-8"?>
<TestRun id="947956b5-cdb2-49e7-8363-f7778dfe3831" name="Sample" runUser="RIDOHP\rido" xmlns="http://microsoft.com/schemas/VisualStudio/TeamTest/2010">
  <TestSettings name="LocalRun" id="9af84c66-5973-4f9e-8a9f-04e4893e10c1">
    <Description>SampleSuite to test trx2html</Description>
    <NamingScheme baseName="Sample" appendTimeStamp="false" useDefault="false" />
    <Execution>
      <Timeouts testTimeout="300000" />
      <TestTypeSpecific>
        <WebTestRunConfiguration testTypeId="4e7599fa-5ecb-43e9-a887-cd63cf72d207">
          <Browser name="Internet Explorer 6.0">
            <Headers>
              <Header name="User-Agent" value="Mozilla/4.0 (compatible; MSIE 6.0; Windows NT 5.1)" />
              <Header name="Accept" value="*/*" />
              <Header name="Accept-Language" value="{{$IEAcceptLanguage}}" />
              <Header name="Accept-Encoding" value="GZIP" />
            </Headers>
          </Browser>
        </WebTestRunConfiguration>
      </TestTypeSpecific>
      <AgentRule name="Execution Agents">
      </AgentRule>
    </Execution>
    <Deployment runDeploymentRoot="Sample" />
  </TestSettings>
  <Times creation="2011-05-17T08:52:06.2843202+02:00" queuing="2011-05-17T08:52:07.1033671+02:00" start="2011-05-17T08:52:07.2053729+02:00" finish="2011-05-17T08:52:07.2163735+02:00" />
  <ResultSummary outcome="NotRunnable">
    <Counters total="1" error="0" failed="0" timeout="0" aborted="0" inconclusive="0" passedButRunAborted="0" notRunnable="1" notExecuted="0" disconnected="0" warning="0" passed="0" completed="0" inProgress="0" pending="0" />
  </ResultSummary>
  <TestDefinitions>
    <UnitTest name="TestMethod1" storage="d:\code\codeplex\trx2html\trx2html solution\samplereport\bin\debug\samplereport.dll" id="a6d0c99c-5446-d716-b8e1-4613db307f80">
      <Execution id="717def70-4b95-498d-bc9c-1eae2d25b77a" />
      <TestMethod codeBase="D:/code/codeplex/trx2html/TRX2HTML Solution/SampleReport/bin/Debug/SampleReport.DLL" adapterTypeName="Microsoft.VisualStudio.TestTools.TestTypes.Unit.UnitTestAdapter, Microsoft.VisualStudio.QualityTools.Tips.UnitTest.Adapter, Version=10.0.0.0, Culture=neutral, PublicKeyToken=b03f5f7f11d50a3a" className="SampleReport.NotRunnable, SampleReport, Version=1.0.0.0, Culture=neutral, PublicKeyToken=null" name="TestMethod1" />
    </UnitTest>
  </TestDefinitions>
  <TestLists>
    <TestList name="Results Not in a List" id="8c84fa94-04c1-424b-9868-57a2d4851a1d" />
    <TestList name="All Loaded Results" id="19431567-8539-422a-85d7-44ee4e166bda" />
  </TestLists>
  <TestEntries>
    <TestEntry testId="a6d0c99c-5446-d716-b8e1-4613db307f80" executionId="717def70-4b95-498d-bc9c-1eae2d25b77a" testListId="8c84fa94-04c1-424b-9868-57a2d4851a1d" />
  </TestEntries>
  <Results>
    <UnitTestResult executionId="717def70-4b95-498d-bc9c-1eae2d25b77a" testId="a6d0c99c-5446-d716-b8e1-4613db307f80" testName="TestMethod1" computerName="RIDOHP" testType="13cdc9d9-ddb5-4fa4-a97d-d965ccfc6d4b" outcome="NotRunnable" testListId="8c84fa94-04c1-424b-9868-57a2d4851a1d" relativeResultsDirectory="717def70-4b95-498d-bc9c-1eae2d25b77a">
      <Output>
        <ErrorInfo>
          <Message>UTA004: Illegal use of attribute on SampleReport.NotRunnable.TestMethod1. The TestMethodAttribute can be defined only inside a class marked with the TestClass attribute.</Message>
        </ErrorInfo>
      </Output>
    </UnitTestResult>
  </Results>
</TestRun>